{"uid":"3cbf7a2c0ccae873","name":"test_login[success]","fullName":"testcases.test_login#test_login","historyId":"47ea955b16ddb6da46b058a3a853092f","time":{"start":1738143970481,"stop":1738143978002,"duration":7521},"status":"failed","statusMessage":"Failed: Test case success failed with exception: Expected 'token' in response, got (<Response [200]>, 'eyJhbGciOiJIUzI1NiIsInR5cCI6IkpXVCJ9.eyJpc3MiOiJFZHJhd1NvZnQiLCJzdWIiOiJ7XCJjb3JwVXNlcklkXCI6XCJcIixcIm9wZW5JZFwiOlwiXCIsXCJjb3JwSWRcIjpcIlwiLFwidW5pb25fa2V5XCI6XCJcIixcInBsYXRmb3JtXCI6XCJ3ZWJcIn0iLCJleHAiOjE3NDA3MzU5NzgsImlhdCI6MTczODE0MzkxOCwiYXVkIjoiMjM5Mjg1MTYiLCJzcmMiOiJwYXNzd29yZCJ9.UNoCDzPs2Vd694d_VrBAn_ptlqOdRW_gbH_0Dnsh2yY')\nassert 'user_name' in <Response [200]>","statusTrace":"test_case = {'email': '2695418206@qq.com', 'name': 'success', 'password': 'f2d8ddfc169a0ee6f8b0ecd924b1d300'}\n\n    @pytest.mark.parametrize('test_case', test_data,\n                             ids=[case[\"name\"] for case in test_data])\n    def test_login(test_case):\n        logger.info(f\"Starting test case: {test_case['name']}\")\n        try:\n            response = login(test_case[\"email\"], test_case[\"password\"])\n            pprint(response)\n            # logger.info(f\"Login response: {response}\")\n    \n            if test_case[\"name\"] == 'success':\n>               assert \"user_name\" in response[0], f\"Expected 'token' in response, got {response}\"\nE               AssertionError: Expected 'token' in response, got (<Response [200]>, 'eyJhbGciOiJIUzI1NiIsInR5cCI6IkpXVCJ9.eyJpc3MiOiJFZHJhd1NvZnQiLCJzdWIiOiJ7XCJjb3JwVXNlcklkXCI6XCJcIixcIm9wZW5JZFwiOlwiXCIsXCJjb3JwSWRcIjpcIlwiLFwidW5pb25fa2V5XCI6XCJcIixcInBsYXRmb3JtXCI6XCJ3ZWJcIn0iLCJleHAiOjE3NDA3MzU5NzgsImlhdCI6MTczODE0MzkxOCwiYXVkIjoiMjM5Mjg1MTYiLCJzcmMiOiJwYXNzd29yZCJ9.UNoCDzPs2Vd694d_VrBAn_ptlqOdRW_gbH_0Dnsh2yY')\nE               assert 'user_name' in <Response [200]>\n\ntestcases\\test_login.py:28: AssertionError\n\nDuring handling of the above exception, another exception occurred:\n\ntest_case = {'email': '2695418206@qq.com', 'name': 'success', 'password': 'f2d8ddfc169a0ee6f8b0ecd924b1d300'}\n\n    @pytest.mark.parametrize('test_case', test_data,\n                             ids=[case[\"name\"] for case in test_data])\n    def test_login(test_case):\n        logger.info(f\"Starting test case: {test_case['name']}\")\n        try:\n            response = login(test_case[\"email\"], test_case[\"password\"])\n            pprint(response)\n            # logger.info(f\"Login response: {response}\")\n    \n            if test_case[\"name\"] == 'success':\n                assert \"user_name\" in response[0], f\"Expected 'token' in response, got {response}\"\n            elif test_case[\"name\"] == 'false':\n                assert \"user_name\" not in response[0], f\"Unexpected 'token' in response, got {response}\"\n            else:\n                pytest.fail(f\"Invalid test case name: {test_case['name']}\")\n        except Exception as e:\n            logger.error(f\"Test case {test_case['name']} failed with exception: {e}\")\n>           pytest.fail(f\"Test case {test_case['name']} failed with exception: {e}\")\nE           Failed: Test case success failed with exception: Expected 'token' in response, got (<Response [200]>, 'eyJhbGciOiJIUzI1NiIsInR5cCI6IkpXVCJ9.eyJpc3MiOiJFZHJhd1NvZnQiLCJzdWIiOiJ7XCJjb3JwVXNlcklkXCI6XCJcIixcIm9wZW5JZFwiOlwiXCIsXCJjb3JwSWRcIjpcIlwiLFwidW5pb25fa2V5XCI6XCJcIixcInBsYXRmb3JtXCI6XCJ3ZWJcIn0iLCJleHAiOjE3NDA3MzU5NzgsImlhdCI6MTczODE0MzkxOCwiYXVkIjoiMjM5Mjg1MTYiLCJzcmMiOiJwYXNzd29yZCJ9.UNoCDzPs2Vd694d_VrBAn_ptlqOdRW_gbH_0Dnsh2yY')\nE           assert 'user_name' in <Response [200]>\n\ntestcases\\test_login.py:35: Failed","flaky":false,"newFailed":false,"newBroken":false,"newPassed":false,"retriesCount":0,"retriesStatusChange":false,"beforeStages":[{"name":"token","time":{"start":1738143962848,"stop":1738143970480,"duration":7632},"status":"passed","steps":[],"attachments":[],"parameters":[],"hasContent":false,"stepsCount":0,"shouldDisplayMessage":false,"attachmentsCount":0},{"name":"auto_print","time":{"start":1738143970480,"stop":1738143970480,"duration":0},"status":"passed","steps":[],"attachments":[],"parameters":[],"hasContent":false,"stepsCount":0,"shouldDisplayMessage":false,"attachmentsCount":0}],"testStage":{"status":"failed","statusMessage":"Failed: Test case success failed with exception: Expected 'token' in response, got (<Response [200]>, 'eyJhbGciOiJIUzI1NiIsInR5cCI6IkpXVCJ9.eyJpc3MiOiJFZHJhd1NvZnQiLCJzdWIiOiJ7XCJjb3JwVXNlcklkXCI6XCJcIixcIm9wZW5JZFwiOlwiXCIsXCJjb3JwSWRcIjpcIlwiLFwidW5pb25fa2V5XCI6XCJcIixcInBsYXRmb3JtXCI6XCJ3ZWJcIn0iLCJleHAiOjE3NDA3MzU5NzgsImlhdCI6MTczODE0MzkxOCwiYXVkIjoiMjM5Mjg1MTYiLCJzcmMiOiJwYXNzd29yZCJ9.UNoCDzPs2Vd694d_VrBAn_ptlqOdRW_gbH_0Dnsh2yY')\nassert 'user_name' in <Response [200]>","statusTrace":"test_case = {'email': '2695418206@qq.com', 'name': 'success', 'password': 'f2d8ddfc169a0ee6f8b0ecd924b1d300'}\n\n    @pytest.mark.parametrize('test_case', test_data,\n                             ids=[case[\"name\"] for case in test_data])\n    def test_login(test_case):\n        logger.info(f\"Starting test case: {test_case['name']}\")\n        try:\n            response = login(test_case[\"email\"], test_case[\"password\"])\n            pprint(response)\n            # logger.info(f\"Login response: {response}\")\n    \n            if test_case[\"name\"] == 'success':\n>               assert \"user_name\" in response[0], f\"Expected 'token' in response, got {response}\"\nE               AssertionError: Expected 'token' in response, got (<Response [200]>, 'eyJhbGciOiJIUzI1NiIsInR5cCI6IkpXVCJ9.eyJpc3MiOiJFZHJhd1NvZnQiLCJzdWIiOiJ7XCJjb3JwVXNlcklkXCI6XCJcIixcIm9wZW5JZFwiOlwiXCIsXCJjb3JwSWRcIjpcIlwiLFwidW5pb25fa2V5XCI6XCJcIixcInBsYXRmb3JtXCI6XCJ3ZWJcIn0iLCJleHAiOjE3NDA3MzU5NzgsImlhdCI6MTczODE0MzkxOCwiYXVkIjoiMjM5Mjg1MTYiLCJzcmMiOiJwYXNzd29yZCJ9.UNoCDzPs2Vd694d_VrBAn_ptlqOdRW_gbH_0Dnsh2yY')\nE               assert 'user_name' in <Response [200]>\n\ntestcases\\test_login.py:28: AssertionError\n\nDuring handling of the above exception, another exception occurred:\n\ntest_case = {'email': '2695418206@qq.com', 'name': 'success', 'password': 'f2d8ddfc169a0ee6f8b0ecd924b1d300'}\n\n    @pytest.mark.parametrize('test_case', test_data,\n                             ids=[case[\"name\"] for case in test_data])\n    def test_login(test_case):\n        logger.info(f\"Starting test case: {test_case['name']}\")\n        try:\n            response = login(test_case[\"email\"], test_case[\"password\"])\n            pprint(response)\n            # logger.info(f\"Login response: {response}\")\n    \n            if test_case[\"name\"] == 'success':\n                assert \"user_name\" in response[0], f\"Expected 'token' in response, got {response}\"\n            elif test_case[\"name\"] == 'false':\n                assert \"user_name\" not in response[0], f\"Unexpected 'token' in response, got {response}\"\n            else:\n                pytest.fail(f\"Invalid test case name: {test_case['name']}\")\n        except Exception as e:\n            logger.error(f\"Test case {test_case['name']} failed with exception: {e}\")\n>           pytest.fail(f\"Test case {test_case['name']} failed with exception: {e}\")\nE           Failed: Test case success failed with exception: Expected 'token' in response, got (<Response [200]>, 'eyJhbGciOiJIUzI1NiIsInR5cCI6IkpXVCJ9.eyJpc3MiOiJFZHJhd1NvZnQiLCJzdWIiOiJ7XCJjb3JwVXNlcklkXCI6XCJcIixcIm9wZW5JZFwiOlwiXCIsXCJjb3JwSWRcIjpcIlwiLFwidW5pb25fa2V5XCI6XCJcIixcInBsYXRmb3JtXCI6XCJ3ZWJcIn0iLCJleHAiOjE3NDA3MzU5NzgsImlhdCI6MTczODE0MzkxOCwiYXVkIjoiMjM5Mjg1MTYiLCJzcmMiOiJwYXNzd29yZCJ9.UNoCDzPs2Vd694d_VrBAn_ptlqOdRW_gbH_0Dnsh2yY')\nE           assert 'user_name' in <Response [200]>\n\ntestcases\\test_login.py:35: Failed","steps":[],"attachments":[{"uid":"bd92de37b05a4c02","name":"log","source":"bd92de37b05a4c02.txt","type":"text/plain","size":567}],"parameters":[],"hasContent":true,"stepsCount":0,"shouldDisplayMessage":true,"attachmentsCount":1},"afterStages":[{"name":"auto_print::0","time":{"start":1738143978430,"stop":1738143978430,"duration":0},"status":"passed","steps":[],"attachments":[],"parameters":[],"hasContent":false,"stepsCount":0,"shouldDisplayMessage":false,"attachmentsCount":0}],"labels":[{"name":"parentSuite","value":"testcases"},{"name":"suite","value":"test_login"},{"name":"host","value":"WIN-ENQ01VG5K2P"},{"name":"thread","value":"8248-MainThread"},{"name":"framework","value":"pytest"},{"name":"language","value":"cpython3"},{"name":"package","value":"testcases.test_login"},{"name":"resultFormat","value":"allure2"}],"parameters":[{"name":"test_case","value":"{'name': 'success', 'email': '2695418206@qq.com', 'password': 'f2d8ddfc169a0ee6f8b0ecd924b1d300'}"}],"links":[],"hidden":false,"retry":false,"extra":{"severity":"normal","retries":[],"categories":[{"name":"Product defects","matchedStatuses":[],"flaky":false}],"tags":[]},"source":"3cbf7a2c0ccae873.json","parameterValues":["{'name': 'success', 'email': '2695418206@qq.com', 'password': 'f2d8ddfc169a0ee6f8b0ecd924b1d300'}"]}