[32m2025-10-15 14:57:08 - INFO - ---------------------å›½å€ºé€†å›è´­ä»»åŠ¡å¼€å§‹æ‰§è¡Œ---------------------[0m
[31m2025-10-15 14:57:14 - ERROR - æ“ä½œå¤±è´¥: [0m
Traceback (most recent call last):
  File "C:\Users\HQ\AppData\Local\Programs\Python\Python313\Lib\site-packages\urllib3\connectionpool.py", line 787, in urlopen
    response = self._make_request(
        conn,
    ...<10 lines>...
        **response_kw,
    )
  File "C:\Users\HQ\AppData\Local\Programs\Python\Python313\Lib\site-packages\urllib3\connectionpool.py", line 534, in _make_request
    response = conn.getresponse()
  File "C:\Users\HQ\AppData\Local\Programs\Python\Python313\Lib\site-packages\urllib3\connection.py", line 516, in getresponse
    httplib_response = super().getresponse()
  File "C:\Users\HQ\AppData\Local\Programs\Python\Python313\Lib\http\client.py", line 1430, in getresponse
    response.begin()
    ~~~~~~~~~~~~~~^^
  File "C:\Users\HQ\AppData\Local\Programs\Python\Python313\Lib\http\client.py", line 331, in begin
    version, status, reason = self._read_status()
                              ~~~~~~~~~~~~~~~~~^^
  File "C:\Users\HQ\AppData\Local\Programs\Python\Python313\Lib\http\client.py", line 300, in _read_status
    raise RemoteDisconnected("Remote end closed connection without"
                             " response")
http.client.RemoteDisconnected: Remote end closed connection without response

During handling of the above exception, another exception occurred:

Traceback (most recent call last):
  File "C:\Users\HQ\AppData\Local\Programs\Python\Python313\Lib\site-packages\requests\adapters.py", line 667, in send
    resp = conn.urlopen(
        method=request.method,
    ...<9 lines>...
        chunked=chunked,
    )
  File "C:\Users\HQ\AppData\Local\Programs\Python\Python313\Lib\site-packages\urllib3\connectionpool.py", line 841, in urlopen
    retries = retries.increment(
        method, url, error=new_e, _pool=self, _stacktrace=sys.exc_info()[2]
    )
  File "C:\Users\HQ\AppData\Local\Programs\Python\Python313\Lib\site-packages\urllib3\util\retry.py", line 474, in increment
    raise reraise(type(error), error, _stacktrace)
          ~~~~~~~^^^^^^^^^^^^^^^^^^^^^^^^^^^^^^^^^
  File "C:\Users\HQ\AppData\Local\Programs\Python\Python313\Lib\site-packages\urllib3\util\util.py", line 38, in reraise
    raise value.with_traceback(tb)
  File "C:\Users\HQ\AppData\Local\Programs\Python\Python313\Lib\site-packages\urllib3\connectionpool.py", line 787, in urlopen
    response = self._make_request(
        conn,
    ...<10 lines>...
        **response_kw,
    )
  File "C:\Users\HQ\AppData\Local\Programs\Python\Python313\Lib\site-packages\urllib3\connectionpool.py", line 534, in _make_request
    response = conn.getresponse()
  File "C:\Users\HQ\AppData\Local\Programs\Python\Python313\Lib\site-packages\urllib3\connection.py", line 516, in getresponse
    httplib_response = super().getresponse()
  File "C:\Users\HQ\AppData\Local\Programs\Python\Python313\Lib\http\client.py", line 1430, in getresponse
    response.begin()
    ~~~~~~~~~~~~~~^^
  File "C:\Users\HQ\AppData\Local\Programs\Python\Python313\Lib\http\client.py", line 331, in begin
    version, status, reason = self._read_status()
                              ~~~~~~~~~~~~~~~~~^^
  File "C:\Users\HQ\AppData\Local\Programs\Python\Python313\Lib\http\client.py", line 300, in _read_status
    raise RemoteDisconnected("Remote end closed connection without"
                             " response")
urllib3.exceptions.ProtocolError: ('Connection aborted.', RemoteDisconnected('Remote end closed connection without response'))

During handling of the above exception, another exception occurred:

Traceback (most recent call last):
  File "C:\Users\HQ\AppData\Local\Programs\Python\Python313\Lib\site-packages\uiautomator2\core.py", line 113, in _http_request
    r = requests.request(method, url, json=data, timeout=timeout, headers=headers)
  File "C:\Users\HQ\AppData\Local\Programs\Python\Python313\Lib\site-packages\requests\api.py", line 59, in request
    return session.request(method=method, url=url, **kwargs)
           ~~~~~~~~~~~~~~~^^^^^^^^^^^^^^^^^^^^^^^^^^^^^^^^^^
  File "C:\Users\HQ\AppData\Local\Programs\Python\Python313\Lib\site-packages\requests\sessions.py", line 589, in request
    resp = self.send(prep, **send_kwargs)
  File "C:\Users\HQ\AppData\Local\Programs\Python\Python313\Lib\site-packages\requests\sessions.py", line 703, in send
    r = adapter.send(request, **kwargs)
  File "C:\Users\HQ\AppData\Local\Programs\Python\Python313\Lib\site-packages\requests\adapters.py", line 682, in send
    raise ConnectionError(err, request=request)
requests.exceptions.ConnectionError: ('Connection aborted.', RemoteDisconnected('Remote end closed connection without response'))

The above exception was the direct cause of the following exception:

Traceback (most recent call last):
  File "C:\Users\HQ\AppData\Local\Programs\Python\Python313\Lib\site-packages\uiautomator2\core.py", line 279, in jsonrpc_call
    return _jsonrpc_call(self._dev, method, params, timeout, self._debug)
  File "C:\Users\HQ\AppData\Local\Programs\Python\Python313\Lib\site-packages\uiautomator2\core.py", line 141, in _jsonrpc_call
    r = _http_request(dev, "POST", "/jsonrpc/0", payload, timeout=timeout, print_request=print_request)
  File "C:\Users\HQ\AppData\Local\Programs\Python\Python313\Lib\site-packages\uiautomator2\core.py", line 126, in _http_request
    raise HTTPError(f"HTTP request failed: {e}") from e
uiautomator2.exceptions.HTTPError: HTTP request failed: ('Connection aborted.', RemoteDisconnected('Remote end closed connection without response'))

During handling of the above exception, another exception occurred:

Traceback (most recent call last):
  File "D:\Xander\git_projects\Investment\Investment\THS\AutoTrade\pages\trading\page_national_debt.py", line 156, in guozhai_operation
    if not self.common_page.goto_account_page():
           ~~~~~~~~~~~~~~~~~~~~~~~~~~~~~~~~~~^^
  File "D:\Xander\git_projects\Investment\Investment\THS\AutoTrade\pages\base\page_common.py", line 96, in goto_account_page
    current_page = self.where_page()
  File "D:\Xander\git_projects\Investment\Investment\THS\AutoTrade\pages\base\page_common.py", line 84, in where_page
    self.back_button.click()
    ~~~~~~~~~~~~~~~~~~~~~~^^
  File "C:\Users\HQ\AppData\Local\Programs\Python\Python313\Lib\site-packages\uiautomator2\_selector.py", line 148, in click
    self.must_wait(timeout=timeout)
    ~~~~~~~~~~~~~~^^^^^^^^^^^^^^^^^
  File "C:\Users\HQ\AppData\Local\Programs\Python\Python313\Lib\site-packages\uiautomator2\_selector.py", line 342, in must_wait
    if not self.wait(exists, timeout):
           ~~~~~~~~~^^^^^^^^^^^^^^^^^
  File "C:\Users\HQ\AppData\Local\Programs\Python\Python313\Lib\site-packages\uiautomator2\_selector.py", line 312, in wait
    return self.jsonrpc.waitForExists(self.selector,
           ~~~~~~~~~~~~~~~~~~~~~~~~~~^^^^^^^^^^^^^^^
                                      int(timeout * 1000),
                                      ^^^^^^^^^^^^^^^^^^^^
                                      http_timeout=http_wait)
                                      ^^^^^^^^^^^^^^^^^^^^^^^
  File "C:\Users\HQ\AppData\Local\Programs\Python\Python313\Lib\site-packages\uiautomator2\__init__.py", line 185, in __call__
    return self.server.jsonrpc_call(self.method, params, http_timeout)
           ~~~~~~~~~~~~~~~~~~~~~~~~^^^^^^^^^^^^^^^^^^^^^^^^^^^^^^^^^^^
  File "C:\Users\HQ\AppData\Local\Programs\Python\Python313\Lib\site-packages\uiautomator2\core.py", line 282, in jsonrpc_call
    self.stop_uiautomator()
    ~~~~~~~~~~~~~~~~~~~~~^^
  File "C:\Users\HQ\AppData\Local\Programs\Python\Python313\Lib\site-packages\uiautomator2\core.py", line 272, in stop_uiautomator
    if not self._check_alive():
           ~~~~~~~~~~~~~~~~~^^
  File "C:\Users\HQ\AppData\Local\Programs\Python\Python313\Lib\site-packages\uiautomator2\core.py", line 258, in _check_alive
    response = _http_request(self._dev, "GET", "/ping")
  File "C:\Users\HQ\AppData\Local\Programs\Python\Python313\Lib\site-packages\uiautomator2\core.py", line 91, in _http_request
    lport = dev.forward_port(9008)
  File "C:\Users\HQ\AppData\Local\Programs\Python\Python313\Lib\site-packages\adbutils\_device_base.py", line 339, in forward_port
    self.forward("tcp:" + str(local_port), remote)
    ~~~~~~~~~~~~^^^^^^^^^^^^^^^^^^^^^^^^^^^^^^^^^^
  File "C:\Users\HQ\AppData\Local\Programs\Python\Python313\Lib\site-packages\adbutils\_device_base.py", line 324, in forward
    c = self.open_transport(cmd)
  File "C:\Users\HQ\AppData\Local\Programs\Python\Python313\Lib\site-packages\adbutils\_device_base.py", line 75, in open_transport
    c.check_okay()
    ~~~~~~~~~~~~^^
  File "C:\Users\HQ\AppData\Local\Programs\Python\Python313\Lib\site-packages\adbutils\_adb.py", line 192, in check_okay
    raise AdbError(self.read_string_block())
adbutils.errors.AdbError
[32m2025-10-16 14:56:51 - INFO - ---------------------å›½å€ºé€†å›è´­ä»»åŠ¡å¼€å§‹æ‰§è¡Œ---------------------[0m
[33m2025-10-16 14:56:53 - WARNING - å›½å€ºé€†å›è´­å…¥å£æŒ‰é’®ä¸å¯ç‚¹å‡»æˆ–ä¸å¯è§[0m
[32m2025-10-16 14:57:45 - INFO - ---------------------å›½å€ºé€†å›è´­ä»»åŠ¡å¼€å§‹æ‰§è¡Œ---------------------[0m
[31m2025-10-16 14:58:11 - ERROR - æ“ä½œå¤±è´¥: {'code': -32002, 'data': "Selector [resourceId='com.hexin.plat.android:id/title_bar_img']", 'method': 'wait'}[0m
Traceback (most recent call last):
  File "D:\Xander\git_projects\Investment\Investment\THS\AutoTrade copy\pages\trading\page_national_debt.py", line 156, in guozhai_operation
    if not self.common_page.goto_account_page():
           ~~~~~~~~~~~~~~~~~~~~~~~~~~~~~~~~~~^^
  File "D:\Xander\git_projects\Investment\Investment\THS\AutoTrade\pages\base\page_common.py", line 96, in goto_account_page
    current_page = self.where_page()
  File "D:\Xander\git_projects\Investment\Investment\THS\AutoTrade\pages\base\page_common.py", line 84, in where_page
    self.back_button.click()
    ~~~~~~~~~~~~~~~~~~~~~~^^
  File "C:\Users\HQ\AppData\Local\Programs\Python\Python313\Lib\site-packages\uiautomator2\_selector.py", line 148, in click
    self.must_wait(timeout=timeout)
    ~~~~~~~~~~~~~~^^^^^^^^^^^^^^^^^
  File "C:\Users\HQ\AppData\Local\Programs\Python\Python313\Lib\site-packages\uiautomator2\_selector.py", line 343, in must_wait
    raise UiObjectNotFoundError({'code': -32002, 'data': str(self.selector), 'method': 'wait'})
uiautomator2.exceptions.UiObjectNotFoundError: {'code': -32002, 'data': "Selector [resourceId='com.hexin.plat.android:id/title_bar_img']", 'method': 'wait'}
[32m2025-10-17 14:57:24 - INFO - ---------------------å›½å€ºé€†å›è´­ä»»åŠ¡å¼€å§‹æ‰§è¡Œ---------------------[0m
[31m2025-10-17 14:57:49 - ERROR - æ“ä½œå¤±è´¥: {'code': -32002, 'data': "Selector [resourceId='com.hexin.plat.android:id/title_bar_img']", 'method': 'wait'}[0m
Traceback (most recent call last):
  File "D:\Xander\git_projects\Investment\Investment\THS\AutoTrade copy\pages\trading\page_national_debt.py", line 156, in guozhai_operation
    if not self.common_page.goto_account_page():
           ~~~~~~~~~~~~~~~~~~~~~~~~~~~~~~~~~~^^
  File "D:\Xander\git_projects\Investment\Investment\THS\AutoTrade\pages\base\page_common.py", line 96, in goto_account_page
    current_page = self.where_page()
  File "D:\Xander\git_projects\Investment\Investment\THS\AutoTrade\pages\base\page_common.py", line 84, in where_page
    self.back_button.click()
    ~~~~~~~~~~~~~~~~~~~~~~^^
  File "C:\Users\HQ\AppData\Local\Programs\Python\Python313\Lib\site-packages\uiautomator2\_selector.py", line 148, in click
    self.must_wait(timeout=timeout)
    ~~~~~~~~~~~~~~^^^^^^^^^^^^^^^^^
  File "C:\Users\HQ\AppData\Local\Programs\Python\Python313\Lib\site-packages\uiautomator2\_selector.py", line 343, in must_wait
    raise UiObjectNotFoundError({'code': -32002, 'data': str(self.selector), 'method': 'wait'})
uiautomator2.exceptions.UiObjectNotFoundError: {'code': -32002, 'data': "Selector [resourceId='com.hexin.plat.android:id/title_bar_img']", 'method': 'wait'}
[32m2025-10-17 14:58:39 - INFO - ---------------------å›½å€ºé€†å›è´­ä»»åŠ¡å¼€å§‹æ‰§è¡Œ---------------------[0m
[32m2025-10-20 14:57:03 - INFO - ---------------------å›½å€ºé€†å›è´­ä»»åŠ¡å¼€å§‹æ‰§è¡Œ---------------------[0m
[31m2025-10-20 14:57:05 - ERROR - è¿›å…¥å›½å€ºé€†å›è´­å…¥å£å¤±è´¥[0m
[32m2025-10-21 14:57:08 - INFO - ---------------------å›½å€ºé€†å›è´­ä»»åŠ¡å¼€å§‹æ‰§è¡Œ---------------------[0m
[31m2025-10-21 14:57:10 - ERROR - è¿›å…¥å›½å€ºé€†å›è´­å…¥å£å¤±è´¥[0m
[32m2025-10-22 14:56:36 - INFO - ---------------------å›½å€ºé€†å›è´­ä»»åŠ¡å¼€å§‹æ‰§è¡Œ---------------------[0m
[33m2025-10-22 14:56:39 - WARNING - å›½å€ºé€†å›è´­å…¥å£æŒ‰é’®ä¸å¯ç‚¹å‡»æˆ–ä¸å¯è§[0m
[32m2025-10-23 14:56:38 - INFO - ---------------------å›½å€ºé€†å›è´­ä»»åŠ¡å¼€å§‹æ‰§è¡Œ---------------------[0m
[33m2025-10-23 14:56:40 - WARNING - å›½å€ºé€†å›è´­å…¥å£æŒ‰é’®ä¸å¯ç‚¹å‡»æˆ–ä¸å¯è§[0m
[32m2025-10-24 14:56:21 - INFO - ---------------------å›½å€ºé€†å›è´­ä»»åŠ¡å¼€å§‹æ‰§è¡Œ---------------------[0m
[31m2025-10-24 14:56:23 - ERROR - è¿›å…¥å›½å€ºé€†å›è´­å…¥å£å¤±è´¥[0m
[32m2025-10-27 14:56:45 - INFO - ---------------------å›½å€ºé€†å›è´­ä»»åŠ¡å¼€å§‹æ‰§è¡Œ---------------------[0m
[31m2025-10-27 14:56:47 - ERROR - è¿›å…¥å›½å€ºé€†å›è´­å…¥å£å¤±è´¥[0m
[32m2025-10-28 14:56:55 - INFO - ---------------------å›½å€ºé€†å›è´­ä»»åŠ¡å¼€å§‹æ‰§è¡Œ---------------------[0m
[31m2025-10-28 14:56:57 - ERROR - è¿›å…¥å›½å€ºé€†å›è´­å…¥å£å¤±è´¥[0m
[33m2025-10-28 15:14:34 - WARNING - æœªæ‰¾åˆ°è´¦æˆ·ä¿¡æ¯å…ƒç´ [0m
[32m2025-10-28 15:21:24 - INFO - ---------------------å›½å€ºé€†å›è´­ä»»åŠ¡å¼€å§‹æ‰§è¡Œ---------------------[0m
[33m2025-10-28 15:21:26 - WARNING - å›½å€ºé€†å›è´­å…¥å£æŒ‰é’®ä¸å¯ç‚¹å‡»æˆ–ä¸å¯è§[0m
[32m2025-10-28 15:23:18 - INFO - ---------------------å›½å€ºé€†å›è´­ä»»åŠ¡å¼€å§‹æ‰§è¡Œ---------------------[0m
[33m2025-10-28 15:23:20 - WARNING - å›½å€ºé€†å›è´­å…¥å£æŒ‰é’®ä¸å¯ç‚¹å‡»æˆ–ä¸å¯è§[0m
[32m2025-10-28 17:06:10 - INFO - ---------------------å›½å€ºé€†å›è´­ä»»åŠ¡å¼€å§‹æ‰§è¡Œ---------------------[0m
[33m2025-10-28 17:06:12 - WARNING - å›½å€ºé€†å›è´­å…¥å£æŒ‰é’®ä¸å¯ç‚¹å‡»æˆ–ä¸å¯è§[0m
[32m2025-10-28 17:08:06 - INFO - ---------------------å›½å€ºé€†å›è´­ä»»åŠ¡å¼€å§‹æ‰§è¡Œ---------------------[0m
[33m2025-10-28 17:08:08 - WARNING - å›½å€ºé€†å›è´­å…¥å£æŒ‰é’®ä¸å¯ç‚¹å‡»æˆ–ä¸å¯è§[0m
[32m2025-10-28 17:08:38 - INFO - ---------------------å›½å€ºé€†å›è´­ä»»åŠ¡å¼€å§‹æ‰§è¡Œ---------------------[0m
[32m2025-10-28 17:08:40 - INFO - å·²è¿›å…¥: å›½å€ºé€†å›è´­å…¥å£[0m
[32m2025-10-28 17:09:05 - INFO - ---------------------å›½å€ºé€†å›è´­ä»»åŠ¡å¼€å§‹æ‰§è¡Œ---------------------[0m
[32m2025-10-28 17:09:07 - INFO - å·²è¿›å…¥: å›½å€ºé€†å›è´­å…¥å£[0m
[32m2025-10-28 17:09:09 - INFO - å·²æ»‘åŠ¨åˆ°åº•éƒ¨[0m
[33m2025-10-28 17:09:12 - WARNING - 1å¤©æœŸ ä¸å¯è§æˆ–ä¸å¯ç‚¹å‡»[0m
[32m2025-10-28 17:09:14 - INFO - å·²æ»‘åŠ¨åˆ°åº•éƒ¨[0m
[33m2025-10-28 17:09:17 - WARNING - 1å¤©æœŸ ä¸å¯è§æˆ–ä¸å¯ç‚¹å‡»[0m
[32m2025-10-28 17:09:19 - INFO - å·²æ»‘åŠ¨åˆ°åº•éƒ¨[0m
[33m2025-10-28 17:09:22 - WARNING - 1å¤©æœŸ ä¸å¯è§æˆ–ä¸å¯ç‚¹å‡»[0m
[32m2025-10-28 17:09:24 - INFO - å·²æ»‘åŠ¨åˆ°åº•éƒ¨[0m
[33m2025-10-28 17:09:27 - WARNING - 1å¤©æœŸ ä¸å¯è§æˆ–ä¸å¯ç‚¹å‡»[0m
[32m2025-10-28 17:09:29 - INFO - å·²æ»‘åŠ¨åˆ°åº•éƒ¨[0m
[33m2025-10-28 17:09:32 - WARNING - 1å¤©æœŸ ä¸å¯è§æˆ–ä¸å¯ç‚¹å‡»[0m
[33m2025-10-28 17:09:33 - WARNING - æœªæ‰¾åˆ° 1å¤©æœŸï¼Œå·²æ»‘åŠ¨åˆ°åº•éƒ¨[0m
[31m2025-10-28 17:09:33 - ERROR - æœªæ‰¾åˆ°ç›®æ ‡äº§å“[0m
[32m2025-10-28 17:09:52 - INFO - ---------------------å›½å€ºé€†å›è´­ä»»åŠ¡å¼€å§‹æ‰§è¡Œ---------------------[0m
[32m2025-10-28 17:09:54 - INFO - å·²è¿›å…¥: å›½å€ºé€†å›è´­å…¥å£[0m
[32m2025-10-28 17:09:56 - INFO - å·²æ»‘åŠ¨åˆ°åº•éƒ¨[0m
[33m2025-10-28 17:09:59 - WARNING - 1å¤©æœŸ ä¸å¯è§æˆ–ä¸å¯ç‚¹å‡»[0m
[32m2025-10-28 17:10:01 - INFO - å·²æ»‘åŠ¨åˆ°åº•éƒ¨[0m
[33m2025-10-28 17:10:04 - WARNING - 1å¤©æœŸ ä¸å¯è§æˆ–ä¸å¯ç‚¹å‡»[0m
[32m2025-10-28 17:10:06 - INFO - å·²æ»‘åŠ¨åˆ°åº•éƒ¨[0m
[32m2025-10-28 17:12:27 - INFO - ---------------------å›½å€ºé€†å›è´­ä»»åŠ¡å¼€å§‹æ‰§è¡Œ---------------------[0m
[32m2025-10-28 17:12:29 - INFO - å·²è¿›å…¥: å›½å€ºé€†å›è´­å…¥å£[0m
[32m2025-10-28 17:12:31 - INFO - å·²æ»‘åŠ¨åˆ°åº•éƒ¨[0m
[32m2025-10-28 17:12:35 - INFO - ç‚¹å‡» 1å¤©æœŸ æˆåŠŸ[0m
[32m2025-10-28 17:12:36 - INFO - å½“å‰é¡µé¢ä¸º GC001(1å¤©æœŸ)[0m
[33m2025-10-28 17:12:37 - WARNING - å€Ÿå‡ºæŒ‰é’®ä¸å¯ç‚¹å‡»æˆ–ä¸å¯è§[0m
[32m2025-10-28 17:13:29 - INFO - ---------------------å›½å€ºé€†å›è´­ä»»åŠ¡å¼€å§‹æ‰§è¡Œ---------------------[0m
[32m2025-10-28 17:13:31 - INFO - å·²è¿›å…¥: å›½å€ºé€†å›è´­å…¥å£[0m
[32m2025-10-28 17:13:33 - INFO - å·²æ»‘åŠ¨åˆ°åº•éƒ¨[0m
[32m2025-10-28 17:13:36 - INFO - ç‚¹å‡» 1å¤©æœŸ æˆåŠŸ[0m
[32m2025-10-28 17:13:38 - INFO - å½“å‰é¡µé¢ä¸º GC001(1å¤©æœŸ)[0m
[32m2025-10-28 17:13:39 - INFO - å·²ç‚¹å‡»: å€Ÿå‡ºæŒ‰é’®[0m
[31m2025-10-28 17:13:40 - ERROR - æ“ä½œå¤±è´¥: (-32001, 'androidx.test.uiautomator.UiObjectNotFoundException', ({'mask': 2097152, 'childOrSibling': [], 'childOrSiblingSelector': [], 'resourceId': 'com.hexin.plat.android:id/title_bar_img'},))[0m
Traceback (most recent call last):
  File "D:\Xander\git_projects\Investment\Investment\THS\AutoTrade\pages\trading\page_national_debt.py", line 226, in guozhai_operation
    result = self._handle_transaction_confirm()
  File "D:\Xander\git_projects\Investment\Investment\THS\AutoTrade\pages\trading\page_national_debt.py", line 136, in _handle_transaction_confirm
    if self.back_button.info.get('visible', False) and self.back_button.info.get('clickable', False):
       ^^^^^^^^^^^^^^^^^^^^^
  File "C:\Users\HQ\AppData\Local\Programs\Python\Python313\Lib\site-packages\uiautomator2\_selector.py", line 128, in info
    return self.jsonrpc.objInfo(self.selector)
           ~~~~~~~~~~~~~~~~~~~~^^^^^^^^^^^^^^^
  File "C:\Users\HQ\AppData\Local\Programs\Python\Python313\Lib\site-packages\uiautomator2\__init__.py", line 185, in __call__
    return self.server.jsonrpc_call(self.method, params, http_timeout)
           ~~~~~~~~~~~~~~~~~~~~~~~~^^^^^^^^^^^^^^^^^^^^^^^^^^^^^^^^^^^
  File "C:\Users\HQ\AppData\Local\Programs\Python\Python313\Lib\site-packages\uiautomator2\core.py", line 279, in jsonrpc_call
    return _jsonrpc_call(self._dev, method, params, timeout, self._debug)
  File "C:\Users\HQ\AppData\Local\Programs\Python\Python313\Lib\site-packages\uiautomator2\core.py", line 159, in _jsonrpc_call
    raise UiObjectNotFoundError(code, message, params)
uiautomator2.exceptions.UiObjectNotFoundError: (-32001, 'androidx.test.uiautomator.UiObjectNotFoundException', ({'mask': 2097152, 'childOrSibling': [], 'childOrSiblingSelector': [], 'resourceId': 'com.hexin.plat.android:id/title_bar_img'},))
[32m2025-10-28 17:15:02 - INFO - ---------------------å›½å€ºé€†å›è´­ä»»åŠ¡å¼€å§‹æ‰§è¡Œ---------------------[0m
[32m2025-10-28 17:15:04 - INFO - å·²è¿›å…¥: å›½å€ºé€†å›è´­å…¥å£[0m
[32m2025-10-28 17:15:06 - INFO - å·²æ»‘åŠ¨åˆ°åº•éƒ¨[0m
[32m2025-10-28 17:15:09 - INFO - ç‚¹å‡» 1å¤©æœŸ æˆåŠŸ[0m
[32m2025-10-28 17:15:11 - INFO - å½“å‰é¡µé¢ä¸º GC001(1å¤©æœŸ)[0m
[32m2025-10-28 17:15:12 - INFO - å·²ç‚¹å‡»: å€Ÿå‡ºæŒ‰é’®[0m
[31m2025-10-28 17:15:13 - ERROR - å§”æ‰˜å¤±è´¥: äº¤æ˜“æ·±å¸‚å›½å€ºï¼Œå€Ÿå‡ºèµ„é‡‘å¿…é¡»ä¸º1000çš„æ•´æ•°å€[0m
[32m2025-10-28 17:15:13 - INFO - ---------------------å›½å€ºé€†å›è´­ä»»åŠ¡æ‰§è¡Œå®Œæ¯•---------------------[0m
[32m2025-10-29 09:28:46 - INFO - ---------------------å›½å€ºé€†å›è´­ä»»åŠ¡å¼€å§‹æ‰§è¡Œ---------------------[0m
[32m2025-10-29 09:28:48 - INFO - å·²è¿›å…¥: å›½å€ºé€†å›è´­å…¥å£[0m
[32m2025-10-29 09:28:50 - INFO - å·²æ»‘åŠ¨åˆ°åº•éƒ¨[0m
[32m2025-10-29 14:56:31 - INFO - ---------------------å›½å€ºé€†å›è´­ä»»åŠ¡å¼€å§‹æ‰§è¡Œ---------------------[0m
[31m2025-10-29 14:56:33 - ERROR - è¿›å…¥å›½å€ºé€†å›è´­å…¥å£å¤±è´¥[0m
[32m2025-10-29 14:57:06 - INFO - ---------------------å›½å€ºé€†å›è´­ä»»åŠ¡å¼€å§‹æ‰§è¡Œ---------------------[0m
[31m2025-10-29 14:57:08 - ERROR - è¿›å…¥å›½å€ºé€†å›è´­å…¥å£å¤±è´¥[0m
[32m2025-10-30 14:56:42 - INFO - ---------------------å›½å€ºé€†å›è´­ä»»åŠ¡å¼€å§‹æ‰§è¡Œ---------------------[0m
[32m2025-10-30 14:56:44 - INFO - å·²è¿›å…¥: å›½å€ºé€†å›è´­å…¥å£[0m
[33m2025-10-30 14:57:02 - WARNING - æœªæ‰¾åˆ° 1å¤©æœŸï¼Œå·²æ»‘åŠ¨åˆ°åº•éƒ¨[0m
[31m2025-10-30 14:57:02 - ERROR - æœªæ‰¾åˆ°ç›®æ ‡äº§å“[0m
[32m2025-10-30 14:57:38 - INFO - ---------------------å›½å€ºé€†å›è´­ä»»åŠ¡å¼€å§‹æ‰§è¡Œ---------------------[0m
[31m2025-10-30 14:58:04 - ERROR - æ“ä½œå¤±è´¥: {'code': -32002, 'data': "Selector [resourceId='com.hexin.plat.android:id/title_bar_img']", 'method': 'wait'}[0m
Traceback (most recent call last):
  File "D:\Xander\git_projects\Investment\Investment\THS\AutoTrade\pages\trading\page_national_debt.py", line 170, in guozhai_operation
    if not self.common_page.goto_account_page():
           ~~~~~~~~~~~~~~~~~~~~~~~~~~~~~~~~~~^^
  File "D:\Xander\git_projects\Investment\Investment\THS\AutoTrade\pages\base\page_common.py", line 97, in goto_account_page
    current_page = self.where_page()
  File "D:\Xander\git_projects\Investment\Investment\THS\AutoTrade\pages\base\page_common.py", line 85, in where_page
    self.back_button.click()
    ~~~~~~~~~~~~~~~~~~~~~~^^
  File "C:\Users\HQ\AppData\Local\Programs\Python\Python313\Lib\site-packages\uiautomator2\_selector.py", line 148, in click
    self.must_wait(timeout=timeout)
    ~~~~~~~~~~~~~~^^^^^^^^^^^^^^^^^
  File "C:\Users\HQ\AppData\Local\Programs\Python\Python313\Lib\site-packages\uiautomator2\_selector.py", line 343, in must_wait
    raise UiObjectNotFoundError({'code': -32002, 'data': str(self.selector), 'method': 'wait'})
uiautomator2.exceptions.UiObjectNotFoundError: {'code': -32002, 'data': "Selector [resourceId='com.hexin.plat.android:id/title_bar_img']", 'method': 'wait'}
[32m2025-10-31 14:57:39 - INFO - ---------------------å›½å€ºé€†å›è´­ä»»åŠ¡å¼€å§‹æ‰§è¡Œ---------------------[0m
[31m2025-10-31 14:57:41 - ERROR - è¿›å…¥å›½å€ºé€†å›è´­å…¥å£å¤±è´¥[0m
[32m2025-11-03 14:57:18 - INFO - ---------------------å›½å€ºé€†å›è´­ä»»åŠ¡å¼€å§‹æ‰§è¡Œ---------------------[0m
[31m2025-11-03 14:57:20 - ERROR - è¿›å…¥å›½å€ºé€†å›è´­å…¥å£å¤±è´¥[0m
