[32m2025-10-10 10:58:26 - INFO - å…¨éƒ¨å–å‡º[0m
[32m2025-10-10 10:58:44 - INFO - å–å‡º ä¸œæç§‘æŠ€ 800è‚¡ False æœ€æ–°:[0m
[32m2025-10-10 10:58:44 - INFO - ç›®æ ‡æŠ•èµ„é‡‘é¢: 119699.69 * 33.0% = 39500.8977[0m
[32m2025-10-10 10:58:44 - INFO - è®¡ç®—è‚¡æ•°: 39500.8977 / 16.13 = 2448[0m
[32m2025-10-10 10:58:44 - INFO - è®¡ç®—ä¹°å…¥è‚¡æ•°: 2400[0m
[32m2025-10-10 13:35:34 - INFO - å–å‡º 600030 200è‚¡ False æœ€æ–°:[0m
[32m2025-10-10 14:39:16 - INFO - å–å‡º 000333 200è‚¡ False æœ€æ–°:[0m
[32m2025-10-10 14:39:39 - INFO - å–å‡º 600030 200è‚¡ False æœ€æ–°:[0m
[32m2025-10-10 15:31:43 - INFO - å–å‡º 000333 200è‚¡ False æœ€æ–°:[0m
[32m2025-10-10 15:32:17 - INFO - ä¹°å…¥ 600030 200è‚¡ False æœ€æ–°:[0m
[32m2025-10-10 16:20:07 - INFO - å–å‡º 000333 200è‚¡ False æœ€æ–°:[0m
[32m2025-10-13 09:35:27 - INFO - å…¨éƒ¨å–å‡º[0m
[32m2025-10-13 10:10:49 - INFO - å…¨éƒ¨å–å‡º[0m
[31m2025-10-13 10:10:58 - ERROR - å–å‡º ä¸œæç§‘æŠ€ 800 è‚¡å¤±è´¥: [0m
Traceback (most recent call last):
  File "C:\Users\HQ\AppData\Local\Programs\Python\Python313\Lib\site-packages\urllib3\connectionpool.py", line 787, in urlopen
    response = self._make_request(
        conn,
    ...<10 lines>...
        **response_kw,
    )
  File "C:\Users\HQ\AppData\Local\Programs\Python\Python313\Lib\site-packages\urllib3\connectionpool.py", line 534, in _make_request
    response = conn.getresponse()
  File "C:\Users\HQ\AppData\Local\Programs\Python\Python313\Lib\site-packages\urllib3\connection.py", line 516, in getresponse
    httplib_response = super().getresponse()
  File "C:\Users\HQ\AppData\Local\Programs\Python\Python313\Lib\http\client.py", line 1430, in getresponse
    response.begin()
    ~~~~~~~~~~~~~~^^
  File "C:\Users\HQ\AppData\Local\Programs\Python\Python313\Lib\http\client.py", line 331, in begin
    version, status, reason = self._read_status()
                              ~~~~~~~~~~~~~~~~~^^
  File "C:\Users\HQ\AppData\Local\Programs\Python\Python313\Lib\http\client.py", line 300, in _read_status
    raise RemoteDisconnected("Remote end closed connection without"
                             " response")
http.client.RemoteDisconnected: Remote end closed connection without response

During handling of the above exception, another exception occurred:

Traceback (most recent call last):
  File "C:\Users\HQ\AppData\Local\Programs\Python\Python313\Lib\site-packages\requests\adapters.py", line 667, in send
    resp = conn.urlopen(
        method=request.method,
    ...<9 lines>...
        chunked=chunked,
    )
  File "C:\Users\HQ\AppData\Local\Programs\Python\Python313\Lib\site-packages\urllib3\connectionpool.py", line 841, in urlopen
    retries = retries.increment(
        method, url, error=new_e, _pool=self, _stacktrace=sys.exc_info()[2]
    )
  File "C:\Users\HQ\AppData\Local\Programs\Python\Python313\Lib\site-packages\urllib3\util\retry.py", line 474, in increment
    raise reraise(type(error), error, _stacktrace)
          ~~~~~~~^^^^^^^^^^^^^^^^^^^^^^^^^^^^^^^^^
  File "C:\Users\HQ\AppData\Local\Programs\Python\Python313\Lib\site-packages\urllib3\util\util.py", line 38, in reraise
    raise value.with_traceback(tb)
  File "C:\Users\HQ\AppData\Local\Programs\Python\Python313\Lib\site-packages\urllib3\connectionpool.py", line 787, in urlopen
    response = self._make_request(
        conn,
    ...<10 lines>...
        **response_kw,
    )
  File "C:\Users\HQ\AppData\Local\Programs\Python\Python313\Lib\site-packages\urllib3\connectionpool.py", line 534, in _make_request
    response = conn.getresponse()
  File "C:\Users\HQ\AppData\Local\Programs\Python\Python313\Lib\site-packages\urllib3\connection.py", line 516, in getresponse
    httplib_response = super().getresponse()
  File "C:\Users\HQ\AppData\Local\Programs\Python\Python313\Lib\http\client.py", line 1430, in getresponse
    response.begin()
    ~~~~~~~~~~~~~~^^
  File "C:\Users\HQ\AppData\Local\Programs\Python\Python313\Lib\http\client.py", line 331, in begin
    version, status, reason = self._read_status()
                              ~~~~~~~~~~~~~~~~~^^
  File "C:\Users\HQ\AppData\Local\Programs\Python\Python313\Lib\http\client.py", line 300, in _read_status
    raise RemoteDisconnected("Remote end closed connection without"
                             " response")
urllib3.exceptions.ProtocolError: ('Connection aborted.', RemoteDisconnected('Remote end closed connection without response'))

During handling of the above exception, another exception occurred:

Traceback (most recent call last):
  File "C:\Users\HQ\AppData\Local\Programs\Python\Python313\Lib\site-packages\uiautomator2\core.py", line 113, in _http_request
    r = requests.request(method, url, json=data, timeout=timeout, headers=headers)
  File "C:\Users\HQ\AppData\Local\Programs\Python\Python313\Lib\site-packages\requests\api.py", line 59, in request
    return session.request(method=method, url=url, **kwargs)
           ~~~~~~~~~~~~~~~^^^^^^^^^^^^^^^^^^^^^^^^^^^^^^^^^^
  File "C:\Users\HQ\AppData\Local\Programs\Python\Python313\Lib\site-packages\requests\sessions.py", line 589, in request
    resp = self.send(prep, **send_kwargs)
  File "C:\Users\HQ\AppData\Local\Programs\Python\Python313\Lib\site-packages\requests\sessions.py", line 703, in send
    r = adapter.send(request, **kwargs)
  File "C:\Users\HQ\AppData\Local\Programs\Python\Python313\Lib\site-packages\requests\adapters.py", line 682, in send
    raise ConnectionError(err, request=request)
requests.exceptions.ConnectionError: ('Connection aborted.', RemoteDisconnected('Remote end closed connection without response'))

The above exception was the direct cause of the following exception:

Traceback (most recent call last):
  File "C:\Users\HQ\AppData\Local\Programs\Python\Python313\Lib\site-packages\uiautomator2\core.py", line 279, in jsonrpc_call
    return _jsonrpc_call(self._dev, method, params, timeout, self._debug)
  File "C:\Users\HQ\AppData\Local\Programs\Python\Python313\Lib\site-packages\uiautomator2\core.py", line 141, in _jsonrpc_call
    r = _http_request(dev, "POST", "/jsonrpc/0", payload, timeout=timeout, print_request=print_request)
  File "C:\Users\HQ\AppData\Local\Programs\Python\Python313\Lib\site-packages\uiautomator2\core.py", line 126, in _http_request
    raise HTTPError(f"HTTP request failed: {e}") from e
uiautomator2.exceptions.HTTPError: HTTP request failed: ('Connection aborted.', RemoteDisconnected('Remote end closed connection without response'))

During handling of the above exception, another exception occurred:

Traceback (most recent call last):
  File "D:\Xander\git_projects\Investment\Investment\THS\AutoTrade\pages\trading\trade_logic.py", line 256, in operate_stock
    self.trading_page.click_submit_button(operation)
    ~~~~~~~~~~~~~~~~~~~~~~~~~~~~~~~~~~~~~^^^^^^^^^^^
  File "D:\Xander\git_projects\Investment\Investment\THS\AutoTrade\pages\trading\page_trading.py", line 328, in click_submit_button
    if submit_button.exists:
       ^^^^^^^^^^^^^^^^^^^^
  File "C:\Users\HQ\AppData\Local\Programs\Python\Python313\Lib\site-packages\uiautomator2\utils.py", line 91, in __bool__
    return self.__nonzero__()
           ~~~~~~~~~~~~~~~~^^
  File "C:\Users\HQ\AppData\Local\Programs\Python\Python313\Lib\site-packages\uiautomator2\utils.py", line 87, in __nonzero__
    return self.uiobject.jsonrpc.exist(self.uiobject.selector)
           ~~~~~~~~~~~~~~~~~~~~~~~~~~~^^^^^^^^^^^^^^^^^^^^^^^^
  File "C:\Users\HQ\AppData\Local\Programs\Python\Python313\Lib\site-packages\uiautomator2\__init__.py", line 185, in __call__
    return self.server.jsonrpc_call(self.method, params, http_timeout)
           ~~~~~~~~~~~~~~~~~~~~~~~~^^^^^^^^^^^^^^^^^^^^^^^^^^^^^^^^^^^
  File "C:\Users\HQ\AppData\Local\Programs\Python\Python313\Lib\site-packages\uiautomator2\core.py", line 282, in jsonrpc_call
    self.stop_uiautomator()
    ~~~~~~~~~~~~~~~~~~~~~^^
  File "C:\Users\HQ\AppData\Local\Programs\Python\Python313\Lib\site-packages\uiautomator2\core.py", line 272, in stop_uiautomator
    if not self._check_alive():
           ~~~~~~~~~~~~~~~~~^^
  File "C:\Users\HQ\AppData\Local\Programs\Python\Python313\Lib\site-packages\uiautomator2\core.py", line 258, in _check_alive
    response = _http_request(self._dev, "GET", "/ping")
  File "C:\Users\HQ\AppData\Local\Programs\Python\Python313\Lib\site-packages\uiautomator2\core.py", line 91, in _http_request
    lport = dev.forward_port(9008)
  File "C:\Users\HQ\AppData\Local\Programs\Python\Python313\Lib\site-packages\adbutils\_device_base.py", line 339, in forward_port
    self.forward("tcp:" + str(local_port), remote)
    ~~~~~~~~~~~~^^^^^^^^^^^^^^^^^^^^^^^^^^^^^^^^^^
  File "C:\Users\HQ\AppData\Local\Programs\Python\Python313\Lib\site-packages\adbutils\_device_base.py", line 324, in forward
    c = self.open_transport(cmd)
  File "C:\Users\HQ\AppData\Local\Programs\Python\Python313\Lib\site-packages\adbutils\_device_base.py", line 75, in open_transport
    c.check_okay()
    ~~~~~~~~~~~~^^
  File "C:\Users\HQ\AppData\Local\Programs\Python\Python313\Lib\site-packages\adbutils\_adb.py", line 192, in check_okay
    raise AdbError(self.read_string_block())
adbutils.errors.AdbError
[32m2025-10-13 10:10:58 - INFO - ç›®æ ‡æŠ•èµ„é‡‘é¢: 119699.69 * 31.0% = 37106.903900000005[0m
[32m2025-10-13 10:10:58 - INFO - è®¡ç®—è‚¡æ•°: 37106.903900000005 / 14.8 = 2507[0m
[32m2025-10-13 10:10:58 - INFO - è®¡ç®—ä¹°å…¥è‚¡æ•°: 2500[0m
[32m2025-10-13 10:21:35 - INFO - å…¨éƒ¨å–å‡º[0m
[31m2025-10-13 10:22:08 - ERROR - å–å‡º ä¸œæç§‘æŠ€ 800 è‚¡å¤±è´¥: {'code': -32002, 'data': "Selector [childOrSibling=['child'], childOrSiblingSelector=[{'mask': 8388608, 'childOrSibling': [], 'childOrSiblingSelector': [], 'index': 0}], resourceId='com.hexin.plat.android:id/stockvolume']", 'method': 'wait'}[0m
Traceback (most recent call last):
  File "D:\Xander\git_projects\Investment\Investment\THS\AutoTrade\pages\trading\trade_logic.py", line 254, in operate_stock
    self.trading_page.input_volume(int(volume))
    ~~~~~~~~~~~~~~~~~~~~~~~~~~~~~~^^^^^^^^^^^^^
  File "D:\Xander\git_projects\Investment\Investment\THS\AutoTrade\pages\trading\page_trading.py", line 268, in input_volume
    volumn_input.send_keys(volume)
    ~~~~~~~~~~~~~~~~~~~~~~^^^^^^^^
  File "C:\Users\HQ\AppData\Local\Programs\Python\Python313\Lib\site-packages\uiautomator2\_selector.py", line 347, in send_keys
    return self.set_text(text)
           ~~~~~~~~~~~~~^^^^^^
  File "C:\Users\HQ\AppData\Local\Programs\Python\Python313\Lib\site-packages\uiautomator2\_selector.py", line 350, in set_text
    self.must_wait(timeout=timeout)
    ~~~~~~~~~~~~~~^^^^^^^^^^^^^^^^^
  File "C:\Users\HQ\AppData\Local\Programs\Python\Python313\Lib\site-packages\uiautomator2\_selector.py", line 343, in must_wait
    raise UiObjectNotFoundError({'code': -32002, 'data': str(self.selector), 'method': 'wait'})
uiautomator2.exceptions.UiObjectNotFoundError: {'code': -32002, 'data': "Selector [childOrSibling=['child'], childOrSiblingSelector=[{'mask': 8388608, 'childOrSibling': [], 'childOrSiblingSelector': [], 'index': 0}], resourceId='com.hexin.plat.android:id/stockvolume']", 'method': 'wait'}
[32m2025-10-13 10:22:08 - INFO - ç›®æ ‡æŠ•èµ„é‡‘é¢: 119699.69 * 31.0% = 37106.903900000005[0m
[32m2025-10-13 10:22:08 - INFO - è®¡ç®—è‚¡æ•°: 37106.903900000005 / 14.79 = 2508[0m
[32m2025-10-13 10:22:08 - INFO - è®¡ç®—ä¹°å…¥è‚¡æ•°: 2500[0m
[32m2025-10-13 10:22:24 - INFO - ä¹°å…¥ è±ªèƒ½è‚¡ä»½ 2500è‚¡ False æœ€æ–°:[0m
[32m2025-10-13 14:01:51 - INFO - å…¨éƒ¨å–å‡º[0m
[32m2025-10-13 14:06:31 - INFO - å…¨éƒ¨å–å‡º[0m
[32m2025-10-13 14:46:43 - INFO - ç›®æ ‡æŠ•èµ„é‡‘é¢: 0.0 * 33.0% = 0.0[0m
[32m2025-10-13 14:46:43 - INFO - è®¡ç®—è‚¡æ•°: 0.0 / 18.5 = 0[0m
[33m2025-10-13 14:46:43 - WARNING - è®¡ç®—å‡ºçš„ä¹°å…¥è‚¡æ•°ä¸è¶³100è‚¡[0m
[32m2025-10-13 14:46:43 - INFO - ç›®æ ‡æŠ•èµ„é‡‘é¢: 0.0 * 33.0% = 0.0[0m
[32m2025-10-13 14:46:43 - INFO - è®¡ç®—è‚¡æ•°: 0.0 / 22.77 = 0[0m
[33m2025-10-13 14:46:43 - WARNING - è®¡ç®—å‡ºçš„ä¹°å…¥è‚¡æ•°ä¸è¶³100è‚¡[0m
[32m2025-10-13 14:47:24 - INFO - ç›®æ ‡æŠ•èµ„é‡‘é¢: 0.0 * 33.0% = 0.0[0m
[32m2025-10-13 14:47:24 - INFO - è®¡ç®—è‚¡æ•°: 0.0 / 18.51 = 0[0m
[33m2025-10-13 14:47:24 - WARNING - è®¡ç®—å‡ºçš„ä¹°å…¥è‚¡æ•°ä¸è¶³100è‚¡[0m
[32m2025-10-13 14:47:24 - INFO - ç›®æ ‡æŠ•èµ„é‡‘é¢: 0.0 * 33.0% = 0.0[0m
[32m2025-10-13 14:47:24 - INFO - è®¡ç®—è‚¡æ•°: 0.0 / 22.78 = 0[0m
[33m2025-10-13 14:47:24 - WARNING - è®¡ç®—å‡ºçš„ä¹°å…¥è‚¡æ•°ä¸è¶³100è‚¡[0m
[32m2025-10-13 14:48:12 - INFO - ç›®æ ‡æŠ•èµ„é‡‘é¢: 0.0 * 33.0% = 0.0[0m
[32m2025-10-13 14:48:12 - INFO - è®¡ç®—è‚¡æ•°: 0.0 / 18.52 = 0[0m
[33m2025-10-13 14:48:12 - WARNING - è®¡ç®—å‡ºçš„ä¹°å…¥è‚¡æ•°ä¸è¶³100è‚¡[0m
[32m2025-10-13 14:48:12 - INFO - ç›®æ ‡æŠ•èµ„é‡‘é¢: 0.0 * 33.0% = 0.0[0m
[32m2025-10-13 14:48:12 - INFO - è®¡ç®—è‚¡æ•°: 0.0 / 22.77 = 0[0m
[33m2025-10-13 14:48:12 - WARNING - è®¡ç®—å‡ºçš„ä¹°å…¥è‚¡æ•°ä¸è¶³100è‚¡[0m
[32m2025-10-13 14:49:00 - INFO - ç›®æ ‡æŠ•èµ„é‡‘é¢: 0.0 * 33.0% = 0.0[0m
[32m2025-10-13 14:49:00 - INFO - è®¡ç®—è‚¡æ•°: 0.0 / 18.53 = 0[0m
[33m2025-10-13 14:49:00 - WARNING - è®¡ç®—å‡ºçš„ä¹°å…¥è‚¡æ•°ä¸è¶³100è‚¡[0m
[32m2025-10-13 14:49:00 - INFO - ç›®æ ‡æŠ•èµ„é‡‘é¢: 0.0 * 33.0% = 0.0[0m
[32m2025-10-13 14:49:00 - INFO - è®¡ç®—è‚¡æ•°: 0.0 / 22.78 = 0[0m
[33m2025-10-13 14:49:00 - WARNING - è®¡ç®—å‡ºçš„ä¹°å…¥è‚¡æ•°ä¸è¶³100è‚¡[0m
[32m2025-10-14 09:28:41 - INFO - ç›®æ ‡æŠ•èµ„é‡‘é¢: 0.0 * 33.0% = 0.0[0m
[32m2025-10-14 09:28:41 - INFO - è®¡ç®—è‚¡æ•°: 0.0 / 18.5 = 0[0m
[33m2025-10-14 09:28:41 - WARNING - è®¡ç®—å‡ºçš„ä¹°å…¥è‚¡æ•°ä¸è¶³100è‚¡[0m
[32m2025-10-14 09:28:41 - INFO - ç›®æ ‡æŠ•èµ„é‡‘é¢: 0.0 * 33.0% = 0.0[0m
[32m2025-10-14 09:28:41 - INFO - è®¡ç®—è‚¡æ•°: 0.0 / 22.64 = 0[0m
[33m2025-10-14 09:28:41 - WARNING - è®¡ç®—å‡ºçš„ä¹°å…¥è‚¡æ•°ä¸è¶³100è‚¡[0m
[32m2025-10-14 09:29:30 - INFO - ç›®æ ‡æŠ•èµ„é‡‘é¢: 0.0 * 33.0% = 0.0[0m
[32m2025-10-14 09:29:30 - INFO - è®¡ç®—è‚¡æ•°: 0.0 / 18.5 = 0[0m
[33m2025-10-14 09:29:30 - WARNING - è®¡ç®—å‡ºçš„ä¹°å…¥è‚¡æ•°ä¸è¶³100è‚¡[0m
[32m2025-10-14 09:29:30 - INFO - ç›®æ ‡æŠ•èµ„é‡‘é¢: 0.0 * 33.0% = 0.0[0m
[32m2025-10-14 09:29:30 - INFO - è®¡ç®—è‚¡æ•°: 0.0 / 22.64 = 0[0m
[33m2025-10-14 09:29:30 - WARNING - è®¡ç®—å‡ºçš„ä¹°å…¥è‚¡æ•°ä¸è¶³100è‚¡[0m
[31m2025-10-14 09:34:52 - ERROR - å–å‡º 600030 200 è‚¡å¤±è´¥: {'code': -32002, 'data': "Selector [resourceId='com.hexin.plat.android:id/content_stock']", 'method': 'wait'}[0m
Traceback (most recent call last):
  File "D:\Xander\git_projects\Investment\Investment\THS\AutoTrade\pages\trading\trade_logic.py", line 261, in operate_stock
    self.trading_page.search_stock(stock_name)
    ~~~~~~~~~~~~~~~~~~~~~~~~~~~~~~^^^^^^^^^^^^
  File "D:\Xander\git_projects\Investment\Investment\THS\AutoTrade\pages\trading\page_trading.py", line 209, in search_stock
    stock_search.click()
    ~~~~~~~~~~~~~~~~~~^^
  File "C:\Users\HQ\AppData\Local\Programs\Python\Python313\Lib\site-packages\uiautomator2\_selector.py", line 148, in click
    self.must_wait(timeout=timeout)
    ~~~~~~~~~~~~~~^^^^^^^^^^^^^^^^^
  File "C:\Users\HQ\AppData\Local\Programs\Python\Python313\Lib\site-packages\uiautomator2\_selector.py", line 343, in must_wait
    raise UiObjectNotFoundError({'code': -32002, 'data': str(self.selector), 'method': 'wait'})
uiautomator2.exceptions.UiObjectNotFoundError: {'code': -32002, 'data': "Selector [resourceId='com.hexin.plat.android:id/content_stock']", 'method': 'wait'}
[32m2025-10-14 09:39:59 - INFO - ä¹°å…¥ 000333 200è‚¡ False æœ€æ–°:[0m
[32m2025-10-14 13:38:47 - INFO - ç›®æ ‡æŠ•èµ„é‡‘é¢: 0.0 * 33.0% = 0.0[0m
[32m2025-10-14 13:38:47 - INFO - è®¡ç®—è‚¡æ•°: 0.0 / 37.66 = 0[0m
[33m2025-10-14 13:38:47 - WARNING - è®¡ç®—å‡ºçš„ä¹°å…¥è‚¡æ•°ä¸è¶³100è‚¡[0m
[32m2025-10-14 13:39:31 - INFO - ç›®æ ‡æŠ•èµ„é‡‘é¢: 0.0 * 33.0% = 0.0[0m
[32m2025-10-14 13:39:31 - INFO - è®¡ç®—è‚¡æ•°: 0.0 / 37.68 = 0[0m
[33m2025-10-14 13:39:31 - WARNING - è®¡ç®—å‡ºçš„ä¹°å…¥è‚¡æ•°ä¸è¶³100è‚¡[0m
[32m2025-10-14 13:40:27 - INFO - ç›®æ ‡æŠ•èµ„é‡‘é¢: 0.0 * 33.0% = 0.0[0m
[32m2025-10-14 13:40:27 - INFO - è®¡ç®—è‚¡æ•°: 0.0 / 37.69 = 0[0m
[33m2025-10-14 13:40:27 - WARNING - è®¡ç®—å‡ºçš„ä¹°å…¥è‚¡æ•°ä¸è¶³100è‚¡[0m
[32m2025-10-14 13:41:21 - INFO - ç›®æ ‡æŠ•èµ„é‡‘é¢: 0.0 * 33.0% = 0.0[0m
[32m2025-10-14 13:41:21 - INFO - è®¡ç®—è‚¡æ•°: 0.0 / 37.66 = 0[0m
[33m2025-10-14 13:41:21 - WARNING - è®¡ç®—å‡ºçš„ä¹°å…¥è‚¡æ•°ä¸è¶³100è‚¡[0m
[32m2025-10-14 13:42:14 - INFO - ç›®æ ‡æŠ•èµ„é‡‘é¢: 0.0 * 33.0% = 0.0[0m
[32m2025-10-14 13:42:14 - INFO - è®¡ç®—è‚¡æ•°: 0.0 / 37.66 = 0[0m
[33m2025-10-14 13:42:14 - WARNING - è®¡ç®—å‡ºçš„ä¹°å…¥è‚¡æ•°ä¸è¶³100è‚¡[0m
[32m2025-10-14 13:43:11 - INFO - ç›®æ ‡æŠ•èµ„é‡‘é¢: 0.0 * 33.0% = 0.0[0m
[32m2025-10-14 13:43:11 - INFO - è®¡ç®—è‚¡æ•°: 0.0 / 37.66 = 0[0m
[33m2025-10-14 13:43:11 - WARNING - è®¡ç®—å‡ºçš„ä¹°å…¥è‚¡æ•°ä¸è¶³100è‚¡[0m
[32m2025-10-14 13:52:01 - INFO - ç›®æ ‡æŠ•èµ„é‡‘é¢: 0.0 * 33.0% = 0.0[0m
[32m2025-10-14 13:52:01 - INFO - è®¡ç®—è‚¡æ•°: 0.0 / 37.64 = 0[0m
[33m2025-10-14 13:52:01 - WARNING - è®¡ç®—å‡ºçš„ä¹°å…¥è‚¡æ•°ä¸è¶³100è‚¡[0m
[33m2025-10-14 14:36:09 - WARNING - æ— å¯ç”¨æ•°é‡: available_shares=0[0m
[32m2025-10-14 14:36:09 - INFO - ç›®æ ‡æŠ•èµ„é‡‘é¢: 61629.65 * 33.0% = 20337.784499999998[0m
[32m2025-10-14 14:36:09 - INFO - è®¡ç®—è‚¡æ•°: 20337.784499999998 / 37.75 = 538[0m
[32m2025-10-14 14:36:09 - INFO - è®¡ç®—ä¹°å…¥è‚¡æ•°: 500[0m
[33m2025-10-14 15:12:22 - WARNING - æ— å¯ç”¨æ•°é‡: available_shares=0[0m
[32m2025-10-14 15:12:22 - INFO - ç›®æ ‡æŠ•èµ„é‡‘é¢: 61639.65 * 15.0% = 9245.9475[0m
[32m2025-10-14 15:12:22 - INFO - è®¡ç®—è‚¡æ•°: 9245.9475 / 37.88 = 244[0m
[32m2025-10-14 15:12:22 - INFO - è®¡ç®—ä¹°å…¥è‚¡æ•°: 200[0m
[32m2025-10-14 15:12:35 - INFO - ä¹°å…¥ ä¸­å›½å«æ˜Ÿ 200è‚¡ False æœ€æ–°:[0m
[33m2025-10-14 15:19:15 - WARNING - æ— å¯ç”¨æ•°é‡: available_shares=0[0m
[32m2025-10-14 15:19:15 - INFO - ç›®æ ‡æŠ•èµ„é‡‘é¢: 61639.44 * 15.0% = 9245.916000000001[0m
[32m2025-10-14 15:19:15 - INFO - è®¡ç®—è‚¡æ•°: 9245.916000000001 / 37.88 = 244[0m
[32m2025-10-14 15:19:15 - INFO - è®¡ç®—ä¹°å…¥è‚¡æ•°: 200[0m
[32m2025-10-14 15:19:29 - INFO - ä¹°å…¥ ä¸­å›½å«æ˜Ÿ 200è‚¡ False æœ€æ–°:[0m
[33m2025-10-14 15:52:41 - WARNING - æ— å¯ç”¨æ•°é‡: available_shares=0[0m
[32m2025-10-14 15:52:41 - INFO - ç›®æ ‡æŠ•èµ„é‡‘é¢: 61639.44 * 15.0% = 9245.916000000001[0m
[32m2025-10-14 15:52:41 - INFO - è®¡ç®—è‚¡æ•°: 9245.916000000001 / 37.88 = 244[0m
[32m2025-10-14 15:52:41 - INFO - è®¡ç®—ä¹°å…¥è‚¡æ•°: 200[0m
[32m2025-10-14 15:52:55 - INFO - ä¹°å…¥ ä¸­å›½å«æ˜Ÿ 200è‚¡ False æœ€æ–°:[0m
[33m2025-10-14 15:59:31 - WARNING - æ— å¯ç”¨æ•°é‡: available_shares=0[0m
[32m2025-10-14 15:59:31 - INFO - ç›®æ ‡æŠ•èµ„é‡‘é¢: 61639.44 * 15.0% = 9245.916000000001[0m
[32m2025-10-14 15:59:31 - INFO - è®¡ç®—è‚¡æ•°: 9245.916000000001 / 37.88 = 244[0m
[32m2025-10-14 15:59:31 - INFO - è®¡ç®—ä¹°å…¥è‚¡æ•°: 200[0m
[32m2025-10-14 15:59:44 - INFO - ä¹°å…¥ ä¸­å›½å«æ˜Ÿ 200è‚¡ False æœ€æ–°:[0m
[33m2025-10-14 16:06:21 - WARNING - æ— å¯ç”¨æ•°é‡: available_shares=0[0m
[32m2025-10-14 16:06:21 - INFO - ç›®æ ‡æŠ•èµ„é‡‘é¢: 61639.44 * 15.0% = 9245.916000000001[0m
[32m2025-10-14 16:06:21 - INFO - è®¡ç®—è‚¡æ•°: 9245.916000000001 / 37.88 = 244[0m
[32m2025-10-14 16:06:21 - INFO - è®¡ç®—ä¹°å…¥è‚¡æ•°: 200[0m
[32m2025-10-14 16:06:35 - INFO - ä¹°å…¥ ä¸­å›½å«æ˜Ÿ 200è‚¡ False æœ€æ–°:[0m
[32m2025-10-15 09:31:55 - INFO - ç›®æ ‡æŠ•èµ„é‡‘é¢: 0.0 * 33.0% = 0.0[0m
[32m2025-10-15 09:31:55 - INFO - è®¡ç®—è‚¡æ•°: 0.0 / 21.74 = 0[0m
[33m2025-10-15 09:31:55 - WARNING - è®¡ç®—å‡ºçš„ä¹°å…¥è‚¡æ•°ä¸è¶³100è‚¡[0m
[32m2025-10-15 09:31:55 - INFO - ç›®æ ‡æŠ•èµ„é‡‘é¢: 0.0 * 33.0% = 0.0[0m
[32m2025-10-15 09:31:55 - INFO - è®¡ç®—è‚¡æ•°: 0.0 / 37.58 = 0[0m
[33m2025-10-15 09:31:55 - WARNING - è®¡ç®—å‡ºçš„ä¹°å…¥è‚¡æ•°ä¸è¶³100è‚¡[0m
[32m2025-10-16 09:40:29 - INFO - ç›®æ ‡æŠ•èµ„é‡‘é¢: 0.0 * 32.0% = 0.0[0m
[32m2025-10-16 09:40:29 - INFO - è®¡ç®—è‚¡æ•°: 0.0 / 7.96 = 0[0m
[33m2025-10-16 09:40:29 - WARNING - è®¡ç®—å‡ºçš„ä¹°å…¥è‚¡æ•°ä¸è¶³100è‚¡[0m
[32m2025-10-16 09:55:30 - INFO - ç›®æ ‡æŠ•èµ„é‡‘é¢: 0.0 * 32.0% = 0.0[0m
[32m2025-10-16 09:55:30 - INFO - è®¡ç®—è‚¡æ•°: 0.0 / 8.0 = 0[0m
[33m2025-10-16 09:55:30 - WARNING - è®¡ç®—å‡ºçš„ä¹°å…¥è‚¡æ•°ä¸è¶³100è‚¡[0m
[32m2025-10-16 09:57:13 - INFO - ç›®æ ‡æŠ•èµ„é‡‘é¢: 0.0 * 32.0% = 0.0[0m
[32m2025-10-16 09:57:13 - INFO - è®¡ç®—è‚¡æ•°: 0.0 / 7.98 = 0[0m
[33m2025-10-16 09:57:13 - WARNING - è®¡ç®—å‡ºçš„ä¹°å…¥è‚¡æ•°ä¸è¶³100è‚¡[0m
[32m2025-10-16 10:00:05 - INFO - ç›®æ ‡æŠ•èµ„é‡‘é¢: 0.0 * 32.0% = 0.0[0m
[32m2025-10-16 10:00:05 - INFO - è®¡ç®—è‚¡æ•°: 0.0 / 7.95 = 0[0m
[33m2025-10-16 10:00:05 - WARNING - è®¡ç®—å‡ºçš„ä¹°å…¥è‚¡æ•°ä¸è¶³100è‚¡[0m
[32m2025-10-16 10:06:39 - INFO - ç›®æ ‡æŠ•èµ„é‡‘é¢: 0.0 * 32.0% = 0.0[0m
[32m2025-10-16 10:06:39 - INFO - è®¡ç®—è‚¡æ•°: 0.0 / 7.94 = 0[0m
[33m2025-10-16 10:06:39 - WARNING - è®¡ç®—å‡ºçš„ä¹°å…¥è‚¡æ•°ä¸è¶³100è‚¡[0m
[32m2025-10-16 10:21:22 - INFO - ç›®æ ‡æŠ•èµ„é‡‘é¢: 0.0 * 32.0% = 0.0[0m
[32m2025-10-16 10:21:22 - INFO - è®¡ç®—è‚¡æ•°: 0.0 / 7.95 = 0[0m
[33m2025-10-16 10:21:22 - WARNING - è®¡ç®—å‡ºçš„ä¹°å…¥è‚¡æ•°ä¸è¶³100è‚¡[0m
[32m2025-10-16 10:22:38 - INFO - ç›®æ ‡æŠ•èµ„é‡‘é¢: 0.0 * 32.0% = 0.0[0m
[32m2025-10-16 10:22:38 - INFO - è®¡ç®—è‚¡æ•°: 0.0 / 7.96 = 0[0m
[33m2025-10-16 10:22:38 - WARNING - è®¡ç®—å‡ºçš„ä¹°å…¥è‚¡æ•°ä¸è¶³100è‚¡[0m
[32m2025-10-16 10:57:12 - INFO - ç›®æ ‡æŠ•èµ„é‡‘é¢: 76892.68 * 33.0% = 25374.5844[0m
[32m2025-10-16 10:57:12 - INFO - è®¡ç®—è‚¡æ•°: 25374.5844 / 64.85 = 391[0m
[32m2025-10-16 10:57:12 - INFO - è®¡ç®—ä¹°å…¥è‚¡æ•°: 300[0m
[32m2025-10-16 10:57:26 - INFO - ä¹°å…¥ åå‹é’´ä¸š 300è‚¡ False æœ€æ–°:[0m
[33m2025-10-16 11:24:37 - WARNING - æ— å¯ç”¨æ•°é‡: available_shares=0[0m
[33m2025-10-16 11:25:37 - WARNING - æ— å¯ç”¨æ•°é‡: available_shares=0[0m
[32m2025-10-16 11:25:37 - INFO - å…¨éƒ¨å–å‡º[0m
[32m2025-10-16 11:25:50 - INFO - å–å‡º å·¨åŠ›ç´¢å…· 2600è‚¡ False æœ€æ–°:[0m
[33m2025-10-16 11:26:38 - WARNING - æ— å¯ç”¨æ•°é‡: available_shares=0[0m
[33m2025-10-16 11:27:28 - WARNING - æ— å¯ç”¨æ•°é‡: available_shares=0[0m
[33m2025-10-16 11:28:13 - WARNING - æ— å¯ç”¨æ•°é‡: available_shares=0[0m
[33m2025-10-16 11:29:00 - WARNING - æ— å¯ç”¨æ•°é‡: available_shares=0[0m
[33m2025-10-16 11:29:42 - WARNING - æ— å¯ç”¨æ•°é‡: available_shares=0[0m
[33m2025-10-16 13:00:21 - WARNING - æ— å¯ç”¨æ•°é‡: available_shares=0[0m
[33m2025-10-16 13:01:13 - WARNING - æ— å¯ç”¨æ•°é‡: available_shares=0[0m
[33m2025-10-16 13:01:54 - WARNING - æ— å¯ç”¨æ•°é‡: available_shares=0[0m
[33m2025-10-16 13:02:50 - WARNING - æ— å¯ç”¨æ•°é‡: available_shares=0[0m
[33m2025-10-16 13:03:30 - WARNING - æ— å¯ç”¨æ•°é‡: available_shares=0[0m
[33m2025-10-16 13:04:17 - WARNING - æ— å¯ç”¨æ•°é‡: available_shares=0[0m
[33m2025-10-16 13:05:02 - WARNING - æ— å¯ç”¨æ•°é‡: available_shares=0[0m
[33m2025-10-16 13:05:51 - WARNING - æ— å¯ç”¨æ•°é‡: available_shares=0[0m
[33m2025-10-16 13:06:38 - WARNING - æ— å¯ç”¨æ•°é‡: available_shares=0[0m
[33m2025-10-16 13:07:19 - WARNING - æ— å¯ç”¨æ•°é‡: available_shares=0[0m
[33m2025-10-16 13:08:07 - WARNING - æ— å¯ç”¨æ•°é‡: available_shares=0[0m
[33m2025-10-16 13:09:04 - WARNING - æ— å¯ç”¨æ•°é‡: available_shares=0[0m
[33m2025-10-16 13:09:58 - WARNING - æ— å¯ç”¨æ•°é‡: available_shares=0[0m
[33m2025-10-16 13:10:55 - WARNING - æ— å¯ç”¨æ•°é‡: available_shares=0[0m
[33m2025-10-16 13:11:43 - WARNING - æ— å¯ç”¨æ•°é‡: available_shares=0[0m
[33m2025-10-16 13:12:33 - WARNING - æ— å¯ç”¨æ•°é‡: available_shares=0[0m
[33m2025-10-16 13:13:15 - WARNING - æ— å¯ç”¨æ•°é‡: available_shares=0[0m
[33m2025-10-16 13:13:57 - WARNING - æ— å¯ç”¨æ•°é‡: available_shares=0[0m
[33m2025-10-16 13:14:47 - WARNING - æ— å¯ç”¨æ•°é‡: available_shares=0[0m
[33m2025-10-16 13:15:42 - WARNING - æ— å¯ç”¨æ•°é‡: available_shares=0[0m
[33m2025-10-16 13:16:35 - WARNING - æ— å¯ç”¨æ•°é‡: available_shares=0[0m
[33m2025-10-16 13:17:24 - WARNING - æ— å¯ç”¨æ•°é‡: available_shares=0[0m
[33m2025-10-16 13:18:17 - WARNING - æ— å¯ç”¨æ•°é‡: available_shares=0[0m
[33m2025-10-16 13:19:15 - WARNING - æ— å¯ç”¨æ•°é‡: available_shares=0[0m
[33m2025-10-16 13:19:54 - WARNING - æ— å¯ç”¨æ•°é‡: available_shares=0[0m
[33m2025-10-16 13:20:46 - WARNING - æ— å¯ç”¨æ•°é‡: available_shares=0[0m
[33m2025-10-16 13:21:26 - WARNING - æ— å¯ç”¨æ•°é‡: available_shares=0[0m
[33m2025-10-16 13:22:06 - WARNING - æ— å¯ç”¨æ•°é‡: available_shares=0[0m
[33m2025-10-16 13:22:45 - WARNING - æ— å¯ç”¨æ•°é‡: available_shares=0[0m
[33m2025-10-16 13:23:34 - WARNING - æ— å¯ç”¨æ•°é‡: available_shares=0[0m
[33m2025-10-16 13:24:31 - WARNING - æ— å¯ç”¨æ•°é‡: available_shares=0[0m
[33m2025-10-16 13:25:23 - WARNING - æ— å¯ç”¨æ•°é‡: available_shares=0[0m
[33m2025-10-16 13:26:04 - WARNING - æ— å¯ç”¨æ•°é‡: available_shares=0[0m
[33m2025-10-16 13:26:49 - WARNING - æ— å¯ç”¨æ•°é‡: available_shares=0[0m
[33m2025-10-16 13:27:38 - WARNING - æ— å¯ç”¨æ•°é‡: available_shares=0[0m
[33m2025-10-16 13:28:33 - WARNING - æ— å¯ç”¨æ•°é‡: available_shares=0[0m
[33m2025-10-16 13:29:21 - WARNING - æ— å¯ç”¨æ•°é‡: available_shares=0[0m
[33m2025-10-16 13:30:01 - WARNING - æ— å¯ç”¨æ•°é‡: available_shares=0[0m
[33m2025-10-16 13:30:41 - WARNING - æ— å¯ç”¨æ•°é‡: available_shares=0[0m
[33m2025-10-16 13:31:21 - WARNING - æ— å¯ç”¨æ•°é‡: available_shares=0[0m
[33m2025-10-16 13:32:08 - WARNING - æ— å¯ç”¨æ•°é‡: available_shares=0[0m
[33m2025-10-16 13:33:03 - WARNING - æ— å¯ç”¨æ•°é‡: available_shares=0[0m
[33m2025-10-16 13:33:44 - WARNING - æ— å¯ç”¨æ•°é‡: available_shares=0[0m
[33m2025-10-16 13:34:24 - WARNING - æ— å¯ç”¨æ•°é‡: available_shares=0[0m
[33m2025-10-16 13:35:16 - WARNING - æ— å¯ç”¨æ•°é‡: available_shares=0[0m
[33m2025-10-16 13:36:11 - WARNING - æ— å¯ç”¨æ•°é‡: available_shares=0[0m
[33m2025-10-16 13:36:49 - WARNING - æ— å¯ç”¨æ•°é‡: available_shares=0[0m
[33m2025-10-16 13:37:30 - WARNING - æ— å¯ç”¨æ•°é‡: available_shares=0[0m
[33m2025-10-16 13:38:14 - WARNING - æ— å¯ç”¨æ•°é‡: available_shares=0[0m
[33m2025-10-16 13:39:10 - WARNING - æ— å¯ç”¨æ•°é‡: available_shares=0[0m
[33m2025-10-16 13:40:00 - WARNING - æ— å¯ç”¨æ•°é‡: available_shares=0[0m
[33m2025-10-16 13:40:39 - WARNING - æ— å¯ç”¨æ•°é‡: available_shares=0[0m
[33m2025-10-16 13:41:19 - WARNING - æ— å¯ç”¨æ•°é‡: available_shares=0[0m
[33m2025-10-16 13:42:09 - WARNING - æ— å¯ç”¨æ•°é‡: available_shares=0[0m
[33m2025-10-16 13:43:03 - WARNING - æ— å¯ç”¨æ•°é‡: available_shares=0[0m
[33m2025-10-16 13:43:53 - WARNING - æ— å¯ç”¨æ•°é‡: available_shares=0[0m
[33m2025-10-16 13:44:47 - WARNING - æ— å¯ç”¨æ•°é‡: available_shares=0[0m
[33m2025-10-16 13:45:36 - WARNING - æ— å¯ç”¨æ•°é‡: available_shares=0[0m
[33m2025-10-16 13:46:25 - WARNING - æ— å¯ç”¨æ•°é‡: available_shares=0[0m
[33m2025-10-16 13:47:05 - WARNING - æ— å¯ç”¨æ•°é‡: available_shares=0[0m
[33m2025-10-16 13:47:46 - WARNING - æ— å¯ç”¨æ•°é‡: available_shares=0[0m
[33m2025-10-16 13:48:43 - WARNING - æ— å¯ç”¨æ•°é‡: available_shares=0[0m
[33m2025-10-16 13:49:24 - WARNING - æ— å¯ç”¨æ•°é‡: available_shares=0[0m
[33m2025-10-16 13:50:19 - WARNING - æ— å¯ç”¨æ•°é‡: available_shares=0[0m
[33m2025-10-16 13:51:11 - WARNING - æ— å¯ç”¨æ•°é‡: available_shares=0[0m
[33m2025-10-16 13:52:03 - WARNING - æ— å¯ç”¨æ•°é‡: available_shares=0[0m
[33m2025-10-16 13:52:50 - WARNING - æ— å¯ç”¨æ•°é‡: available_shares=0[0m
[33m2025-10-16 13:53:44 - WARNING - æ— å¯ç”¨æ•°é‡: available_shares=0[0m
[33m2025-10-16 13:54:22 - WARNING - æ— å¯ç”¨æ•°é‡: available_shares=0[0m
[33m2025-10-16 13:55:01 - WARNING - æ— å¯ç”¨æ•°é‡: available_shares=0[0m
[33m2025-10-16 13:55:53 - WARNING - æ— å¯ç”¨æ•°é‡: available_shares=0[0m
[33m2025-10-16 13:56:41 - WARNING - æ— å¯ç”¨æ•°é‡: available_shares=0[0m
[33m2025-10-16 13:57:29 - WARNING - æ— å¯ç”¨æ•°é‡: available_shares=0[0m
[33m2025-10-16 13:58:15 - WARNING - æ— å¯ç”¨æ•°é‡: available_shares=0[0m
[33m2025-10-16 13:59:05 - WARNING - æ— å¯ç”¨æ•°é‡: available_shares=0[0m
[33m2025-10-16 13:59:52 - WARNING - æ— å¯ç”¨æ•°é‡: available_shares=0[0m
[33m2025-10-16 14:00:37 - WARNING - æ— å¯ç”¨æ•°é‡: available_shares=0[0m
[33m2025-10-16 14:01:20 - WARNING - æ— å¯ç”¨æ•°é‡: available_shares=0[0m
[33m2025-10-16 14:02:05 - WARNING - æ— å¯ç”¨æ•°é‡: available_shares=0[0m
[33m2025-10-16 14:02:45 - WARNING - æ— å¯ç”¨æ•°é‡: available_shares=0[0m
[33m2025-10-16 14:03:25 - WARNING - æ— å¯ç”¨æ•°é‡: available_shares=0[0m
[33m2025-10-16 14:04:07 - WARNING - æ— å¯ç”¨æ•°é‡: available_shares=0[0m
[33m2025-10-16 14:05:04 - WARNING - æ— å¯ç”¨æ•°é‡: available_shares=0[0m
[33m2025-10-16 14:05:52 - WARNING - æ— å¯ç”¨æ•°é‡: available_shares=0[0m
[33m2025-10-16 14:06:33 - WARNING - æ— å¯ç”¨æ•°é‡: available_shares=0[0m
[33m2025-10-16 14:07:24 - WARNING - æ— å¯ç”¨æ•°é‡: available_shares=0[0m
[33m2025-10-16 14:08:20 - WARNING - æ— å¯ç”¨æ•°é‡: available_shares=0[0m
[33m2025-10-16 14:09:15 - WARNING - æ— å¯ç”¨æ•°é‡: available_shares=0[0m
[33m2025-10-16 14:10:08 - WARNING - æ— å¯ç”¨æ•°é‡: available_shares=0[0m
[33m2025-10-16 14:10:48 - WARNING - æ— å¯ç”¨æ•°é‡: available_shares=0[0m
[33m2025-10-16 14:11:34 - WARNING - æ— å¯ç”¨æ•°é‡: available_shares=0[0m
[33m2025-10-16 14:12:17 - WARNING - æ— å¯ç”¨æ•°é‡: available_shares=0[0m
[33m2025-10-16 14:13:10 - WARNING - æ— å¯ç”¨æ•°é‡: available_shares=0[0m
[33m2025-10-16 14:13:53 - WARNING - æ— å¯ç”¨æ•°é‡: available_shares=0[0m
[33m2025-10-16 14:14:47 - WARNING - æ— å¯ç”¨æ•°é‡: available_shares=0[0m
[33m2025-10-16 14:15:37 - WARNING - æ— å¯ç”¨æ•°é‡: available_shares=0[0m
[33m2025-10-16 14:16:31 - WARNING - æ— å¯ç”¨æ•°é‡: available_shares=0[0m
[33m2025-10-16 14:17:14 - WARNING - æ— å¯ç”¨æ•°é‡: available_shares=0[0m
[33m2025-10-16 14:18:00 - WARNING - æ— å¯ç”¨æ•°é‡: available_shares=0[0m
[33m2025-10-16 14:18:53 - WARNING - æ— å¯ç”¨æ•°é‡: available_shares=0[0m
[33m2025-10-16 14:19:37 - WARNING - æ— å¯ç”¨æ•°é‡: available_shares=0[0m
[33m2025-10-16 14:20:17 - WARNING - æ— å¯ç”¨æ•°é‡: available_shares=0[0m
[33m2025-10-16 14:21:03 - WARNING - æ— å¯ç”¨æ•°é‡: available_shares=0[0m
[33m2025-10-16 14:21:55 - WARNING - æ— å¯ç”¨æ•°é‡: available_shares=0[0m
[33m2025-10-16 14:22:39 - WARNING - æ— å¯ç”¨æ•°é‡: available_shares=0[0m
[33m2025-10-16 14:23:20 - WARNING - æ— å¯ç”¨æ•°é‡: available_shares=0[0m
[33m2025-10-16 14:24:08 - WARNING - æ— å¯ç”¨æ•°é‡: available_shares=0[0m
[33m2025-10-16 14:24:50 - WARNING - æ— å¯ç”¨æ•°é‡: available_shares=0[0m
[33m2025-10-16 14:25:37 - WARNING - æ— å¯ç”¨æ•°é‡: available_shares=0[0m
[33m2025-10-16 14:26:23 - WARNING - æ— å¯ç”¨æ•°é‡: available_shares=0[0m
[33m2025-10-16 14:27:07 - WARNING - æ— å¯ç”¨æ•°é‡: available_shares=0[0m
[33m2025-10-16 14:27:47 - WARNING - æ— å¯ç”¨æ•°é‡: available_shares=0[0m
[33m2025-10-16 14:28:36 - WARNING - æ— å¯ç”¨æ•°é‡: available_shares=0[0m
[33m2025-10-16 14:29:30 - WARNING - æ— å¯ç”¨æ•°é‡: available_shares=0[0m
[33m2025-10-16 14:30:28 - WARNING - æ— å¯ç”¨æ•°é‡: available_shares=0[0m
[33m2025-10-16 14:31:19 - WARNING - æ— å¯ç”¨æ•°é‡: available_shares=0[0m
[33m2025-10-16 14:32:09 - WARNING - æ— å¯ç”¨æ•°é‡: available_shares=0[0m
[33m2025-10-16 14:33:00 - WARNING - æ— å¯ç”¨æ•°é‡: available_shares=0[0m
[33m2025-10-16 14:33:42 - WARNING - æ— å¯ç”¨æ•°é‡: available_shares=0[0m
[33m2025-10-16 14:34:20 - WARNING - æ— å¯ç”¨æ•°é‡: available_shares=0[0m
[33m2025-10-16 14:35:10 - WARNING - æ— å¯ç”¨æ•°é‡: available_shares=0[0m
[33m2025-10-16 14:36:09 - WARNING - æ— å¯ç”¨æ•°é‡: available_shares=0[0m
[33m2025-10-16 14:37:03 - WARNING - æ— å¯ç”¨æ•°é‡: available_shares=0[0m
[33m2025-10-16 14:37:49 - WARNING - æ— å¯ç”¨æ•°é‡: available_shares=0[0m
[33m2025-10-16 14:38:43 - WARNING - æ— å¯ç”¨æ•°é‡: available_shares=0[0m
[33m2025-10-16 14:39:37 - WARNING - æ— å¯ç”¨æ•°é‡: available_shares=0[0m
[33m2025-10-16 14:40:26 - WARNING - æ— å¯ç”¨æ•°é‡: available_shares=0[0m
[33m2025-10-16 14:41:09 - WARNING - æ— å¯ç”¨æ•°é‡: available_shares=0[0m
[33m2025-10-16 14:41:51 - WARNING - æ— å¯ç”¨æ•°é‡: available_shares=0[0m
[33m2025-10-16 14:42:31 - WARNING - æ— å¯ç”¨æ•°é‡: available_shares=0[0m
[33m2025-10-16 14:43:12 - WARNING - æ— å¯ç”¨æ•°é‡: available_shares=0[0m
[33m2025-10-16 14:43:57 - WARNING - æ— å¯ç”¨æ•°é‡: available_shares=0[0m
[33m2025-10-16 14:44:53 - WARNING - æ— å¯ç”¨æ•°é‡: available_shares=0[0m
[33m2025-10-16 14:45:38 - WARNING - æ— å¯ç”¨æ•°é‡: available_shares=0[0m
[33m2025-10-16 14:46:20 - WARNING - æ— å¯ç”¨æ•°é‡: available_shares=0[0m
[33m2025-10-16 14:47:06 - WARNING - æ— å¯ç”¨æ•°é‡: available_shares=0[0m
[33m2025-10-16 14:47:46 - WARNING - æ— å¯ç”¨æ•°é‡: available_shares=0[0m
[33m2025-10-16 14:48:34 - WARNING - æ— å¯ç”¨æ•°é‡: available_shares=0[0m
[33m2025-10-16 14:49:24 - WARNING - æ— å¯ç”¨æ•°é‡: available_shares=0[0m
[33m2025-10-16 14:50:13 - WARNING - æ— å¯ç”¨æ•°é‡: available_shares=0[0m
[33m2025-10-16 14:51:05 - WARNING - æ— å¯ç”¨æ•°é‡: available_shares=0[0m
[33m2025-10-16 14:51:50 - WARNING - æ— å¯ç”¨æ•°é‡: available_shares=0[0m
[33m2025-10-16 14:52:46 - WARNING - æ— å¯ç”¨æ•°é‡: available_shares=0[0m
[33m2025-10-16 14:53:27 - WARNING - æ— å¯ç”¨æ•°é‡: available_shares=0[0m
[33m2025-10-16 14:54:24 - WARNING - æ— å¯ç”¨æ•°é‡: available_shares=0[0m
[33m2025-10-16 14:55:03 - WARNING - æ— å¯ç”¨æ•°é‡: available_shares=0[0m
[33m2025-10-16 14:55:57 - WARNING - æ— å¯ç”¨æ•°é‡: available_shares=0[0m
[33m2025-10-16 14:56:51 - WARNING - æ— å¯ç”¨æ•°é‡: available_shares=0[0m
[32m2025-10-17 09:36:49 - INFO - å…¨éƒ¨å–å‡º[0m
[32m2025-10-17 09:37:11 - INFO - å–å‡º ç¾çš„é›†å›¢ 100è‚¡ False æœ€æ–°:[0m
[32m2025-10-17 10:21:54 - INFO - å…¨éƒ¨å–å‡º[0m
[32m2025-10-17 10:22:07 - INFO - å–å‡º åå‹é’´ä¸š 300è‚¡ False æœ€æ–°:[0m
[32m2025-10-17 10:22:07 - INFO - ç›®æ ‡æŠ•èµ„é‡‘é¢: 75962.08 * 33.0% = 25067.4864[0m
[32m2025-10-17 10:22:07 - INFO - è®¡ç®—è‚¡æ•°: 25067.4864 / 45.94 = 545[0m
[32m2025-10-17 10:22:07 - INFO - è®¡ç®—ä¹°å…¥è‚¡æ•°: 500[0m
[32m2025-10-17 10:22:24 - INFO - ä¹°å…¥ å§é¾™ç”µé©± 500è‚¡ False æœ€æ–°:[0m
[32m2025-10-17 10:23:06 - INFO - ç›®æ ‡æŠ•èµ„é‡‘é¢: 75940.95 * 33.0% = 25060.5135[0m
[32m2025-10-17 10:23:06 - INFO - è®¡ç®—è‚¡æ•°: 25060.5135 / 45.96 = 545[0m
[32m2025-10-17 10:23:06 - INFO - è®¡ç®—ä¹°å…¥è‚¡æ•°: 500[0m
[31m2025-10-17 10:23:30 - ERROR - ä¹°å…¥ å§é¾™ç”µé©± 500 è‚¡å¤±è´¥: {'code': -32002, 'data': "Selector [resourceId='com.hexin.plat.android:id/content_stock']", 'method': 'wait'}[0m
Traceback (most recent call last):
  File "D:\Xander\git_projects\Investment\Investment\THS\AutoTrade\pages\trading\trade_logic.py", line 261, in operate_stock
    self.trading_page.search_stock(stock_name)
    ~~~~~~~~~~~~~~~~~~~~~~~~~~~~~~^^^^^^^^^^^^
  File "D:\Xander\git_projects\Investment\Investment\THS\AutoTrade\pages\trading\page_trading.py", line 209, in search_stock
    stock_search.click()
    ~~~~~~~~~~~~~~~~~~^^
  File "C:\Users\HQ\AppData\Local\Programs\Python\Python313\Lib\site-packages\uiautomator2\_selector.py", line 148, in click
    self.must_wait(timeout=timeout)
    ~~~~~~~~~~~~~~^^^^^^^^^^^^^^^^^
  File "C:\Users\HQ\AppData\Local\Programs\Python\Python313\Lib\site-packages\uiautomator2\_selector.py", line 343, in must_wait
    raise UiObjectNotFoundError({'code': -32002, 'data': str(self.selector), 'method': 'wait'})
uiautomator2.exceptions.UiObjectNotFoundError: {'code': -32002, 'data': "Selector [resourceId='com.hexin.plat.android:id/content_stock']", 'method': 'wait'}
[32m2025-10-17 15:13:39 - INFO - å–å‡º 000333 100è‚¡ False æœ€æ–°:[0m
[32m2025-10-17 15:13:52 - INFO - å–å‡º 000333 100è‚¡ False æœ€æ–°:[0m
[32m2025-10-17 15:14:06 - INFO - å–å‡º 000333 100è‚¡ False æœ€æ–°:[0m
[32m2025-10-20 09:34:45 - INFO - ç›®æ ‡æŠ•èµ„é‡‘é¢: 0.0 * 33.0% = 0.0[0m
[32m2025-10-20 09:34:45 - INFO - è®¡ç®—è‚¡æ•°: 0.0 / 46.61 = 0[0m
[33m2025-10-20 09:34:45 - WARNING - è®¡ç®—å‡ºçš„ä¹°å…¥è‚¡æ•°ä¸è¶³100è‚¡[0m
[32m2025-10-20 09:34:45 - INFO - ç›®æ ‡æŠ•èµ„é‡‘é¢: 0.0 * 33.0% = 0.0[0m
[32m2025-10-20 09:34:45 - INFO - è®¡ç®—è‚¡æ•°: 0.0 / 83.31 = 0[0m
[33m2025-10-20 09:34:45 - WARNING - è®¡ç®—å‡ºçš„ä¹°å…¥è‚¡æ•°ä¸è¶³100è‚¡[0m
[32m2025-10-20 10:02:16 - INFO - ç›®æ ‡æŠ•èµ„é‡‘é¢: 0.0 * 33.0% = 0.0[0m
[32m2025-10-20 10:02:16 - INFO - è®¡ç®—è‚¡æ•°: 0.0 / 22.81 = 0[0m
[33m2025-10-20 10:02:16 - WARNING - è®¡ç®—å‡ºçš„ä¹°å…¥è‚¡æ•°ä¸è¶³100è‚¡[0m
[32m2025-10-20 10:02:16 - INFO - ç›®æ ‡æŠ•èµ„é‡‘é¢: 0.0 * 33.0% = 0.0[0m
[32m2025-10-20 10:02:16 - INFO - è®¡ç®—è‚¡æ•°: 0.0 / 83.99 = 0[0m
[33m2025-10-20 10:02:16 - WARNING - è®¡ç®—å‡ºçš„ä¹°å…¥è‚¡æ•°ä¸è¶³100è‚¡[0m
[32m2025-10-20 10:16:40 - INFO - ç›®æ ‡æŠ•èµ„é‡‘é¢: 17686.35 * 33.0% = 5836.495499999999[0m
[32m2025-10-20 10:16:40 - INFO - è®¡ç®—è‚¡æ•°: 5836.495499999999 / 22.57 = 258[0m
[32m2025-10-20 10:16:40 - INFO - è®¡ç®—ä¹°å…¥è‚¡æ•°: 200[0m
[32m2025-10-20 10:18:19 - INFO - ç›®æ ‡æŠ•èµ„é‡‘é¢: 17686.35 * 33.0% = 5836.495499999999[0m
[32m2025-10-20 10:18:19 - INFO - è®¡ç®—è‚¡æ•°: 5836.495499999999 / 22.59 = 258[0m
[32m2025-10-20 10:18:19 - INFO - è®¡ç®—ä¹°å…¥è‚¡æ•°: 200[0m
[32m2025-10-20 10:19:42 - INFO - ç›®æ ‡æŠ•èµ„é‡‘é¢: 17686.35 * 33.0% = 5836.495499999999[0m
[32m2025-10-20 10:19:42 - INFO - è®¡ç®—è‚¡æ•°: 5836.495499999999 / 22.52 = 259[0m
[32m2025-10-20 10:19:42 - INFO - è®¡ç®—ä¹°å…¥è‚¡æ•°: 200[0m
[32m2025-10-21 09:39:47 - INFO - ç›®æ ‡æŠ•èµ„é‡‘é¢: 72255.44 * 33.0% = 23844.2952[0m
[32m2025-10-21 09:39:47 - INFO - è®¡ç®—è‚¡æ•°: 23844.2952 / 24.81 = 961[0m
[32m2025-10-21 09:39:47 - INFO - è®¡ç®—ä¹°å…¥è‚¡æ•°: 900[0m
[32m2025-10-21 09:41:20 - INFO - ä¹°å…¥ ç´¢é€šå‘å±• 900è‚¡ False æœ€æ–°:[0m
[32m2025-10-21 09:42:46 - INFO - ç›®æ ‡æŠ•èµ„é‡‘é¢: 71885.44 * 33.0% = 23722.195200000002[0m
[32m2025-10-21 09:42:46 - INFO - è®¡ç®—è‚¡æ•°: 23722.195200000002 / 24.85 = 954[0m
[32m2025-10-21 09:42:46 - INFO - è®¡ç®—ä¹°å…¥è‚¡æ•°: 900[0m
[32m2025-10-21 09:44:19 - INFO - ä¹°å…¥ ç´¢é€šå‘å±• 900è‚¡ False æœ€æ–°:[0m
[32m2025-10-21 10:25:11 - INFO - å…¨éƒ¨å–å‡º[0m
[32m2025-10-21 10:26:44 - INFO - å–å‡º åˆé”»æ™ºèƒ½ 1000è‚¡ False æœ€æ–°:[0m
[32m2025-10-21 13:34:58 - INFO - ç›®æ ‡æŠ•èµ„é‡‘é¢: 72778.71 * 33.0% = 24016.9743[0m
[32m2025-10-21 13:34:58 - INFO - è®¡ç®—è‚¡æ•°: 24016.9743 / 48.87 = 491[0m
[32m2025-10-21 13:34:58 - INFO - è®¡ç®—ä¹°å…¥è‚¡æ•°: 400[0m
[32m2025-10-21 13:36:31 - INFO - ä¹°å…¥ åæ‡‹ç§‘æŠ€ 400è‚¡ False æœ€æ–°:[0m
[32m2025-10-21 13:43:49 - INFO - å…¨éƒ¨å–å‡º[0m
[32m2025-10-21 13:45:22 - INFO - å–å‡º ä¸Šæµ·æ´—éœ¸ 300è‚¡ False æœ€æ–°:[0m
[32m2025-10-22 14:37:21 - INFO - å…¨éƒ¨å–å‡º[0m
[32m2025-10-22 14:38:54 - INFO - å–å‡º åæ‡‹ç§‘æŠ€ 400è‚¡ False æœ€æ–°:[0m
[32m2025-10-23 09:47:14 - INFO - ç›®æ ‡æŠ•èµ„é‡‘é¢: 17686.35 * 33.0% = 5836.495499999999[0m
[32m2025-10-23 09:47:14 - INFO - è®¡ç®—è‚¡æ•°: 5836.495499999999 / 60.87 = 95[0m
[33m2025-10-23 09:47:14 - WARNING - è®¡ç®—å‡ºçš„ä¹°å…¥è‚¡æ•°ä¸è¶³100è‚¡[0m
[32m2025-10-23 09:48:44 - INFO - ç›®æ ‡æŠ•èµ„é‡‘é¢: 17686.35 * 33.0% = 5836.495499999999[0m
[32m2025-10-23 09:48:44 - INFO - è®¡ç®—è‚¡æ•°: 5836.495499999999 / 60.95 = 95[0m
[33m2025-10-23 09:48:44 - WARNING - è®¡ç®—å‡ºçš„ä¹°å…¥è‚¡æ•°ä¸è¶³100è‚¡[0m
[32m2025-10-23 10:26:16 - INFO - ç›®æ ‡æŠ•èµ„é‡‘é¢: 61087.74 * 33.0% = 20158.9542[0m
[32m2025-10-23 10:26:16 - INFO - è®¡ç®—è‚¡æ•°: 20158.9542 / 92.81 = 217[0m
[32m2025-10-23 10:26:16 - INFO - è®¡ç®—ä¹°å…¥è‚¡æ•°: 200[0m
[32m2025-10-23 10:26:31 - INFO - ä¹°å…¥ æµ™æ±Ÿè£æ³° 200è‚¡ False æœ€æ–°:[0m
[33m2025-10-23 10:27:18 - WARNING - æ— å¯ç”¨æ•°é‡: available_shares=0[0m
[32m2025-10-23 10:27:18 - INFO - ç›®æ ‡æŠ•èµ„é‡‘é¢: 61058.97 * 33.0% = 20149.4601[0m
[32m2025-10-23 10:27:18 - INFO - è®¡ç®—è‚¡æ•°: 20149.4601 / 92.31 = 218[0m
[32m2025-10-23 10:27:18 - INFO - è®¡ç®—ä¹°å…¥è‚¡æ•°: 200[0m
[32m2025-10-23 10:27:31 - INFO - ä¹°å…¥ æµ™æ±Ÿè£æ³° 200è‚¡ False æœ€æ–°:[0m
[33m2025-10-23 11:25:41 - WARNING - æ— å¯ç”¨æ•°é‡: available_shares=0[0m
[33m2025-10-23 11:26:31 - WARNING - æ— å¯ç”¨æ•°é‡: available_shares=0[0m
[33m2025-10-23 11:27:28 - WARNING - æ— å¯ç”¨æ•°é‡: available_shares=0[0m
[33m2025-10-23 11:28:16 - WARNING - æ— å¯ç”¨æ•°é‡: available_shares=0[0m
[33m2025-10-23 11:29:17 - WARNING - æ— å¯ç”¨æ•°é‡: available_shares=0[0m
[33m2025-10-23 11:30:10 - WARNING - æ— å¯ç”¨æ•°é‡: available_shares=0[0m
[33m2025-10-23 13:49:18 - WARNING - æ— å¯ç”¨æ•°é‡: available_shares=0[0m
[33m2025-10-23 13:50:08 - WARNING - æ— å¯ç”¨æ•°é‡: available_shares=0[0m
[33m2025-10-23 13:51:01 - WARNING - æ— å¯ç”¨æ•°é‡: available_shares=0[0m
[33m2025-10-23 13:52:00 - WARNING - æ— å¯ç”¨æ•°é‡: available_shares=0[0m
[33m2025-10-23 13:52:58 - WARNING - æ— å¯ç”¨æ•°é‡: available_shares=0[0m
[33m2025-10-23 13:53:57 - WARNING - æ— å¯ç”¨æ•°é‡: available_shares=0[0m
[33m2025-10-23 13:54:52 - WARNING - æ— å¯ç”¨æ•°é‡: available_shares=0[0m
[33m2025-10-23 13:55:47 - WARNING - æ— å¯ç”¨æ•°é‡: available_shares=0[0m
[33m2025-10-23 13:56:44 - WARNING - æ— å¯ç”¨æ•°é‡: available_shares=0[0m
[33m2025-10-23 13:57:39 - WARNING - æ— å¯ç”¨æ•°é‡: available_shares=0[0m
[33m2025-10-23 13:58:23 - WARNING - æ— å¯ç”¨æ•°é‡: available_shares=0[0m
[33m2025-10-23 13:59:22 - WARNING - æ— å¯ç”¨æ•°é‡: available_shares=0[0m
[33m2025-10-23 14:00:08 - WARNING - æ— å¯ç”¨æ•°é‡: available_shares=0[0m
[33m2025-10-23 14:00:58 - WARNING - æ— å¯ç”¨æ•°é‡: available_shares=0[0m
[33m2025-10-23 14:01:53 - WARNING - æ— å¯ç”¨æ•°é‡: available_shares=0[0m
[33m2025-10-23 14:02:39 - WARNING - æ— å¯ç”¨æ•°é‡: available_shares=0[0m
[33m2025-10-23 14:03:24 - WARNING - æ— å¯ç”¨æ•°é‡: available_shares=0[0m
[33m2025-10-23 14:04:17 - WARNING - æ— å¯ç”¨æ•°é‡: available_shares=0[0m
[33m2025-10-23 14:05:06 - WARNING - æ— å¯ç”¨æ•°é‡: available_shares=0[0m
[33m2025-10-23 14:05:49 - WARNING - æ— å¯ç”¨æ•°é‡: available_shares=0[0m
[33m2025-10-23 14:06:35 - WARNING - æ— å¯ç”¨æ•°é‡: available_shares=0[0m
[33m2025-10-23 14:07:36 - WARNING - æ— å¯ç”¨æ•°é‡: available_shares=0[0m
[33m2025-10-23 14:08:19 - WARNING - æ— å¯ç”¨æ•°é‡: available_shares=0[0m
[33m2025-10-23 14:09:06 - WARNING - æ— å¯ç”¨æ•°é‡: available_shares=0[0m
[33m2025-10-23 14:09:50 - WARNING - æ— å¯ç”¨æ•°é‡: available_shares=0[0m
[33m2025-10-23 14:10:40 - WARNING - æ— å¯ç”¨æ•°é‡: available_shares=0[0m
[33m2025-10-23 14:11:29 - WARNING - æ— å¯ç”¨æ•°é‡: available_shares=0[0m
[33m2025-10-23 14:12:27 - WARNING - æ— å¯ç”¨æ•°é‡: available_shares=0[0m
[33m2025-10-23 14:13:25 - WARNING - æ— å¯ç”¨æ•°é‡: available_shares=0[0m
[33m2025-10-23 14:14:19 - WARNING - æ— å¯ç”¨æ•°é‡: available_shares=0[0m
[33m2025-10-23 14:15:13 - WARNING - æ— å¯ç”¨æ•°é‡: available_shares=0[0m
[33m2025-10-23 14:16:13 - WARNING - æ— å¯ç”¨æ•°é‡: available_shares=0[0m
[33m2025-10-23 14:17:01 - WARNING - æ— å¯ç”¨æ•°é‡: available_shares=0[0m
[33m2025-10-23 14:17:50 - WARNING - æ— å¯ç”¨æ•°é‡: available_shares=0[0m
[33m2025-10-23 14:18:46 - WARNING - æ— å¯ç”¨æ•°é‡: available_shares=0[0m
[33m2025-10-23 14:19:35 - WARNING - æ— å¯ç”¨æ•°é‡: available_shares=0[0m
[33m2025-10-23 14:20:33 - WARNING - æ— å¯ç”¨æ•°é‡: available_shares=0[0m
[33m2025-10-23 14:21:19 - WARNING - æ— å¯ç”¨æ•°é‡: available_shares=0[0m
[33m2025-10-23 14:22:09 - WARNING - æ— å¯ç”¨æ•°é‡: available_shares=0[0m
[33m2025-10-23 14:23:05 - WARNING - æ— å¯ç”¨æ•°é‡: available_shares=0[0m
[33m2025-10-23 14:24:03 - WARNING - æ— å¯ç”¨æ•°é‡: available_shares=0[0m
[33m2025-10-23 14:24:54 - WARNING - æ— å¯ç”¨æ•°é‡: available_shares=0[0m
[33m2025-10-23 14:25:44 - WARNING - æ— å¯ç”¨æ•°é‡: available_shares=0[0m
[33m2025-10-23 14:26:29 - WARNING - æ— å¯ç”¨æ•°é‡: available_shares=0[0m
[33m2025-10-23 14:27:31 - WARNING - æ— å¯ç”¨æ•°é‡: available_shares=0[0m
[33m2025-10-23 14:28:17 - WARNING - æ— å¯ç”¨æ•°é‡: available_shares=0[0m
[33m2025-10-23 14:29:11 - WARNING - æ— å¯ç”¨æ•°é‡: available_shares=0[0m
[33m2025-10-23 14:30:00 - WARNING - æ— å¯ç”¨æ•°é‡: available_shares=0[0m
[33m2025-10-23 14:31:00 - WARNING - æ— å¯ç”¨æ•°é‡: available_shares=0[0m
[33m2025-10-23 14:31:44 - WARNING - æ— å¯ç”¨æ•°é‡: available_shares=0[0m
[33m2025-10-23 14:32:34 - WARNING - æ— å¯ç”¨æ•°é‡: available_shares=0[0m
[33m2025-10-23 14:33:21 - WARNING - æ— å¯ç”¨æ•°é‡: available_shares=0[0m
[33m2025-10-23 14:34:05 - WARNING - æ— å¯ç”¨æ•°é‡: available_shares=0[0m
[33m2025-10-23 14:34:59 - WARNING - æ— å¯ç”¨æ•°é‡: available_shares=0[0m
[33m2025-10-23 14:35:51 - WARNING - æ— å¯ç”¨æ•°é‡: available_shares=0[0m
[33m2025-10-23 14:36:52 - WARNING - æ— å¯ç”¨æ•°é‡: available_shares=0[0m
[33m2025-10-23 14:37:49 - WARNING - æ— å¯ç”¨æ•°é‡: available_shares=0[0m
[33m2025-10-23 14:38:32 - WARNING - æ— å¯ç”¨æ•°é‡: available_shares=0[0m
[33m2025-10-23 14:39:34 - WARNING - æ— å¯ç”¨æ•°é‡: available_shares=0[0m
[33m2025-10-23 14:40:21 - WARNING - æ— å¯ç”¨æ•°é‡: available_shares=0[0m
[33m2025-10-23 14:41:07 - WARNING - æ— å¯ç”¨æ•°é‡: available_shares=0[0m
[33m2025-10-23 14:42:03 - WARNING - æ— å¯ç”¨æ•°é‡: available_shares=0[0m
[33m2025-10-23 14:42:49 - WARNING - æ— å¯ç”¨æ•°é‡: available_shares=0[0m
[33m2025-10-23 14:43:49 - WARNING - æ— å¯ç”¨æ•°é‡: available_shares=0[0m
[33m2025-10-23 14:44:50 - WARNING - æ— å¯ç”¨æ•°é‡: available_shares=0[0m
[33m2025-10-23 14:45:37 - WARNING - æ— å¯ç”¨æ•°é‡: available_shares=0[0m
[33m2025-10-23 14:46:39 - WARNING - æ— å¯ç”¨æ•°é‡: available_shares=0[0m
[33m2025-10-23 14:47:24 - WARNING - æ— å¯ç”¨æ•°é‡: available_shares=0[0m
[33m2025-10-23 14:48:20 - WARNING - æ— å¯ç”¨æ•°é‡: available_shares=0[0m
[33m2025-10-23 14:49:19 - WARNING - æ— å¯ç”¨æ•°é‡: available_shares=0[0m
[33m2025-10-23 14:50:20 - WARNING - æ— å¯ç”¨æ•°é‡: available_shares=0[0m
[33m2025-10-23 14:51:22 - WARNING - æ— å¯ç”¨æ•°é‡: available_shares=0[0m
[33m2025-10-23 14:52:10 - WARNING - æ— å¯ç”¨æ•°é‡: available_shares=0[0m
[33m2025-10-23 14:52:57 - WARNING - æ— å¯ç”¨æ•°é‡: available_shares=0[0m
[33m2025-10-23 14:53:58 - WARNING - æ— å¯ç”¨æ•°é‡: available_shares=0[0m
[33m2025-10-23 14:54:55 - WARNING - æ— å¯ç”¨æ•°é‡: available_shares=0[0m
[33m2025-10-23 14:55:54 - WARNING - æ— å¯ç”¨æ•°é‡: available_shares=0[0m
[33m2025-10-23 14:56:38 - WARNING - æ— å¯ç”¨æ•°é‡: available_shares=0[0m
[32m2025-10-24 09:36:55 - INFO - å…¨éƒ¨å–å‡º[0m
[32m2025-10-24 09:37:20 - INFO - å–å‡º èµ£é”‹é”‚ä¸š 300è‚¡ False ä¹°å…¥[0m
[32m2025-10-24 09:37:20 - INFO - ç›®æ ‡æŠ•èµ„é‡‘é¢: 61962.8 * 32.0% = 19828.096[0m
[32m2025-10-24 09:37:20 - INFO - è®¡ç®—ç›®æ ‡è‚¡æ•°: 19828.096 / 91.17 = 217[0m
[32m2025-10-24 09:37:20 - INFO - è®¡ç®—å–å‡ºæ—¶ï¼Œéœ€è¦æŒä»“è‚¡æ•°: 200[0m
[32m2025-10-24 09:37:20 - INFO - æŒ‰æ¯”ä¾‹è®¡ç®—å–å‡º: å½“å‰æŒæœ‰400è‚¡, æ–°æ¯”ä¾‹32.0%, ç›®æ ‡æŒä»“200è‚¡, å–å‡º200è‚¡[0m
[32m2025-10-24 09:59:03 - INFO - å…¨éƒ¨å–å‡º[0m
[32m2025-10-24 09:59:16 - INFO - å–å‡º æµ™æ±Ÿè£æ³°è‚¡ä»½ 200è‚¡ False æœ€æ–°:[0m
[32m2025-10-24 11:04:09 - INFO - ç›®æ ‡æŠ•èµ„é‡‘é¢: 62605.96 * 33.0% = 20659.9668[0m
[32m2025-10-24 11:04:09 - INFO - è®¡ç®—è‚¡æ•°: 20659.9668 / 110.73 = 186[0m
[32m2025-10-24 11:04:09 - INFO - è®¡ç®—ä¹°å…¥è‚¡æ•°: 100[0m
[32m2025-10-24 11:04:23 - INFO - ä¹°å…¥ ä¸­ç§‘æ›™å…‰ 100è‚¡ False æœ€æ–°:[0m
[32m2025-10-24 11:05:23 - INFO - ç›®æ ‡æŠ•èµ„é‡‘é¢: 62600.82 * 33.0% = 20658.2706[0m
[32m2025-10-24 11:05:23 - INFO - è®¡ç®—è‚¡æ•°: 20658.2706 / 110.72 = 186[0m
[32m2025-10-24 11:05:23 - INFO - è®¡ç®—ä¹°å…¥è‚¡æ•°: 100[0m
[32m2025-10-24 11:05:36 - INFO - ä¹°å…¥ ä¸­ç§‘æ›™å…‰ 100è‚¡ False æœ€æ–°:[0m
[32m2025-10-24 11:26:44 - INFO - ç›®æ ‡æŠ•èµ„é‡‘é¢: 62792.68 * 33.0% = 20721.5844[0m
[32m2025-10-24 11:26:44 - INFO - è®¡ç®—è‚¡æ•°: 20721.5844 / 178.19 = 116[0m
[32m2025-10-24 11:26:44 - INFO - è®¡ç®—ä¹°å…¥è‚¡æ•°: 100[0m
[32m2025-10-24 11:26:58 - INFO - ä¹°å…¥ ç§‘è¾¾åˆ© 100è‚¡ False æœ€æ–°:[0m
[32m2025-10-24 11:27:58 - INFO - ç›®æ ‡æŠ•èµ„é‡‘é¢: 62772.68 * 33.0% = 20714.9844[0m
[32m2025-10-24 11:27:58 - INFO - è®¡ç®—è‚¡æ•°: 20714.9844 / 178.53 = 116[0m
[32m2025-10-24 11:27:58 - INFO - è®¡ç®—ä¹°å…¥è‚¡æ•°: 100[0m
[31m2025-10-24 11:28:29 - ERROR - ä¹°å…¥ ç§‘è¾¾åˆ© 100 è‚¡å¤±è´¥: {'code': -32002, 'data': "Selector [childOrSibling=['child'], childOrSiblingSelector=[{'mask': 8388608, 'childOrSibling': [], 'childOrSiblingSelector': [], 'index': 0}], resourceId='com.hexin.plat.android:id/stockvolume']", 'method': 'wait'}[0m
Traceback (most recent call last):
  File "D:\Xander\git_projects\Investment\Investment\THS\AutoTrade\pages\trading\trade_logic.py", line 404, in operate_stock
    self.trading_page.input_volume(int(volume))
    ~~~~~~~~~~~~~~~~~~~~~~~~~~~~~~^^^^^^^^^^^^^
  File "D:\Xander\git_projects\Investment\Investment\THS\AutoTrade\pages\trading\page_trading.py", line 268, in input_volume
    volumn_input.send_keys(volume)
    ~~~~~~~~~~~~~~~~~~~~~~^^^^^^^^
  File "C:\Users\HQ\AppData\Local\Programs\Python\Python313\Lib\site-packages\uiautomator2\_selector.py", line 347, in send_keys
    return self.set_text(text)
           ~~~~~~~~~~~~~^^^^^^
  File "C:\Users\HQ\AppData\Local\Programs\Python\Python313\Lib\site-packages\uiautomator2\_selector.py", line 350, in set_text
    self.must_wait(timeout=timeout)
    ~~~~~~~~~~~~~~^^^^^^^^^^^^^^^^^
  File "C:\Users\HQ\AppData\Local\Programs\Python\Python313\Lib\site-packages\uiautomator2\_selector.py", line 343, in must_wait
    raise UiObjectNotFoundError({'code': -32002, 'data': str(self.selector), 'method': 'wait'})
uiautomator2.exceptions.UiObjectNotFoundError: {'code': -32002, 'data': "Selector [childOrSibling=['child'], childOrSiblingSelector=[{'mask': 8388608, 'childOrSibling': [], 'childOrSiblingSelector': [], 'index': 0}], resourceId='com.hexin.plat.android:id/stockvolume']", 'method': 'wait'}
[32m2025-10-24 11:29:49 - INFO - ç›®æ ‡æŠ•èµ„é‡‘é¢: 17686.35 * 33.0% = 5836.495499999999[0m
[32m2025-10-24 11:29:49 - INFO - è®¡ç®—è‚¡æ•°: 5836.495499999999 / 111.38 = 52[0m
[33m2025-10-24 11:29:49 - WARNING - è®¡ç®—å‡ºçš„ä¹°å…¥è‚¡æ•°ä¸è¶³100è‚¡[0m
[32m2025-10-24 11:29:49 - INFO - ç›®æ ‡æŠ•èµ„é‡‘é¢: 17686.35 * 33.0% = 5836.495499999999[0m
[32m2025-10-24 11:29:49 - INFO - è®¡ç®—è‚¡æ•°: 5836.495499999999 / 178.72 = 32[0m
[33m2025-10-24 11:29:49 - WARNING - è®¡ç®—å‡ºçš„ä¹°å…¥è‚¡æ•°ä¸è¶³100è‚¡[0m
[32m2025-10-27 09:31:04 - INFO - ç›®æ ‡æŠ•èµ„é‡‘é¢: 17686.35 * 34.0% = 6013.3589999999995[0m
[32m2025-10-27 09:31:04 - INFO - è®¡ç®—è‚¡æ•°: 6013.3589999999995 / 116.4 = 51[0m
[33m2025-10-27 09:31:04 - WARNING - è®¡ç®—å‡ºçš„ä¹°å…¥è‚¡æ•°ä¸è¶³100è‚¡[0m
[32m2025-10-27 09:31:04 - INFO - ç›®æ ‡æŠ•èµ„é‡‘é¢: 17686.35 * 33.0% = 5836.495499999999[0m
[32m2025-10-27 09:31:04 - INFO - è®¡ç®—è‚¡æ•°: 5836.495499999999 / 181.0 = 32[0m
[33m2025-10-27 09:31:04 - WARNING - è®¡ç®—å‡ºçš„ä¹°å…¥è‚¡æ•°ä¸è¶³100è‚¡[0m
[32m2025-10-27 09:34:02 - INFO - å…¨éƒ¨å–å‡º[0m
[32m2025-10-27 09:34:16 - INFO - å–å‡º ä¸­ç§‘æ›™å…‰ 200è‚¡ False æœ€æ–°:[0m
[32m2025-10-27 10:56:23 - INFO - ç›®æ ‡æŠ•èµ„é‡‘é¢: 63273.32 * 33.0% = 20880.1956[0m
[32m2025-10-27 10:56:23 - INFO - è®¡ç®—è‚¡æ•°: 20880.1956 / 52.8 = 395[0m
[32m2025-10-27 10:56:23 - INFO - è®¡ç®—ä¹°å…¥è‚¡æ•°: 300[0m
[32m2025-10-27 10:56:37 - INFO - ä¹°å…¥ ä¸­çŸ¿èµ„æº 300è‚¡ False æœ€æ–°:[0m
[32m2025-10-27 13:07:50 - INFO - ç›®æ ‡æŠ•èµ„é‡‘é¢: 63509.77 * 33.0% = 20958.2241[0m
[32m2025-10-27 13:07:50 - INFO - è®¡ç®—è‚¡æ•°: 20958.2241 / 10.45 = 2005[0m
[32m2025-10-27 13:07:50 - INFO - è®¡ç®—ä¹°å…¥è‚¡æ•°: 2000[0m
[32m2025-10-27 13:08:03 - INFO - ä¹°å…¥ ç²¾è¾¾è‚¡ä»½ 2000è‚¡ False æœ€æ–°:[0m
[32m2025-10-27 13:54:08 - INFO - å…¨éƒ¨å–å‡º[0m
[32m2025-10-27 13:54:21 - INFO - å–å‡º ç§‘è¾¾åˆ© 100è‚¡ False æœ€æ–°:[0m
[32m2025-10-28 09:41:34 - INFO - ç›®æ ‡æŠ•èµ„é‡‘é¢: 63594.95 * 33.0% = 20986.3335[0m
[32m2025-10-28 09:41:34 - INFO - è®¡ç®—è‚¡æ•°: 20986.3335 / 63.98 = 328[0m
[32m2025-10-28 09:41:34 - INFO - è®¡ç®—ä¹°å…¥è‚¡æ•°: 300[0m
[32m2025-10-28 09:41:49 - INFO - ä¹°å…¥ ä¸­èˆªæ²ˆé£ 300è‚¡ False æœ€æ–°:[0m
[32m2025-10-28 09:48:08 - INFO - å…¨éƒ¨å–å‡º[0m
[32m2025-10-28 09:48:21 - INFO - å–å‡º ç²¾è¾¾è‚¡ä»½ 2000è‚¡ False æœ€æ–°:[0m
[32m2025-10-28 09:58:51 - INFO - ç›®æ ‡æŠ•èµ„é‡‘é¢: 64409.37 * 33.0% = 21255.092099999998[0m
[32m2025-10-28 09:58:51 - INFO - è®¡ç®—è‚¡æ•°: 21255.092099999998 / 13.3 = 1598[0m
[32m2025-10-28 09:58:51 - INFO - è®¡ç®—ä¹°å…¥è‚¡æ•°: 1500[0m
[32m2025-10-28 09:59:05 - INFO - ä¹°å…¥ ç« æºé’¨ä¸š 1500è‚¡ False æœ€æ–°:[0m
[32m2025-10-28 10:00:00 - INFO - ç›®æ ‡æŠ•èµ„é‡‘é¢: 64421.37 * 33.0% = 21259.0521[0m
[32m2025-10-28 10:00:00 - INFO - è®¡ç®—è‚¡æ•°: 21259.0521 / 13.42 = 1584[0m
[32m2025-10-28 10:00:00 - INFO - è®¡ç®—ä¹°å…¥è‚¡æ•°: 1500[0m
[32m2025-10-28 10:00:14 - INFO - ä¹°å…¥ ç« æºé’¨ä¸š 1500è‚¡ False æœ€æ–°:[0m
[32m2025-10-28 10:01:03 - INFO - ç›®æ ‡æŠ•èµ„é‡‘é¢: 64433.37 * 33.0% = 21263.0121[0m
[32m2025-10-28 10:01:03 - INFO - è®¡ç®—è‚¡æ•°: 21263.0121 / 13.39 = 1587[0m
[32m2025-10-28 10:01:03 - INFO - è®¡ç®—ä¹°å…¥è‚¡æ•°: 1500[0m
[32m2025-10-28 10:01:43 - INFO - ç›®æ ‡æŠ•èµ„é‡‘é¢: 64367.37 * 33.0% = 21241.2321[0m
[32m2025-10-28 10:01:43 - INFO - è®¡ç®—è‚¡æ•°: 21241.2321 / 13.37 = 1588[0m
[32m2025-10-28 10:01:43 - INFO - è®¡ç®—ä¹°å…¥è‚¡æ•°: 1500[0m
[32m2025-10-28 10:01:57 - INFO - ä¹°å…¥ ç« æºé’¨ä¸š 1500è‚¡ False æœ€æ–°:[0m
[32m2025-10-28 11:11:54 - INFO - å…¨éƒ¨å–å‡º[0m
[32m2025-10-28 11:12:08 - INFO - å–å‡º ä¸­çŸ¿èµ„æº 300è‚¡ False æœ€æ–°:[0m
[33m2025-10-28 11:13:08 - WARNING - æ— å¯ç”¨æ•°é‡: available_shares=0[0m
[32m2025-10-28 14:30:11 - INFO - ç›®æ ‡æŠ•èµ„é‡‘é¢: 17686.35 * 33.0% = 5836.495499999999[0m
[32m2025-10-28 14:30:11 - INFO - è®¡ç®—è‚¡æ•°: 5836.495499999999 / 13.21 = 441[0m
[32m2025-10-28 14:30:11 - INFO - è®¡ç®—ä¹°å…¥è‚¡æ•°: 400[0m
[32m2025-10-28 14:31:45 - INFO - ç›®æ ‡æŠ•èµ„é‡‘é¢: 17686.35 * 33.0% = 5836.495499999999[0m
[32m2025-10-28 14:31:45 - INFO - è®¡ç®—è‚¡æ•°: 5836.495499999999 / 13.2 = 442[0m
[32m2025-10-28 14:31:45 - INFO - è®¡ç®—ä¹°å…¥è‚¡æ•°: 400[0m
[32m2025-10-28 14:33:24 - INFO - ç›®æ ‡æŠ•èµ„é‡‘é¢: 17686.35 * 33.0% = 5836.495499999999[0m
[32m2025-10-28 14:33:24 - INFO - è®¡ç®—è‚¡æ•°: 5836.495499999999 / 13.18 = 442[0m
[32m2025-10-28 14:33:24 - INFO - è®¡ç®—ä¹°å…¥è‚¡æ•°: 400[0m
[32m2025-10-28 14:34:47 - INFO - ç›®æ ‡æŠ•èµ„é‡‘é¢: 17686.35 * 33.0% = 5836.495499999999[0m
[32m2025-10-28 14:34:47 - INFO - è®¡ç®—è‚¡æ•°: 5836.495499999999 / 13.18 = 442[0m
[32m2025-10-28 14:34:47 - INFO - è®¡ç®—ä¹°å…¥è‚¡æ•°: 400[0m
[32m2025-10-28 14:36:25 - INFO - ç›®æ ‡æŠ•èµ„é‡‘é¢: 17686.35 * 33.0% = 5836.495499999999[0m
[32m2025-10-28 14:36:25 - INFO - è®¡ç®—è‚¡æ•°: 5836.495499999999 / 13.17 = 443[0m
[32m2025-10-28 14:36:25 - INFO - è®¡ç®—ä¹°å…¥è‚¡æ•°: 400[0m
[32m2025-10-28 14:37:53 - INFO - ç›®æ ‡æŠ•èµ„é‡‘é¢: 17686.35 * 33.0% = 5836.495499999999[0m
[32m2025-10-28 14:37:53 - INFO - è®¡ç®—è‚¡æ•°: 5836.495499999999 / 13.17 = 443[0m
[32m2025-10-28 14:37:53 - INFO - è®¡ç®—ä¹°å…¥è‚¡æ•°: 400[0m
[32m2025-10-28 14:39:29 - INFO - ç›®æ ‡æŠ•èµ„é‡‘é¢: 17686.35 * 33.0% = 5836.495499999999[0m
[32m2025-10-28 14:39:29 - INFO - è®¡ç®—è‚¡æ•°: 5836.495499999999 / 13.17 = 443[0m
[32m2025-10-28 14:39:29 - INFO - è®¡ç®—ä¹°å…¥è‚¡æ•°: 400[0m
[32m2025-10-28 14:41:01 - INFO - ç›®æ ‡æŠ•èµ„é‡‘é¢: 17686.35 * 33.0% = 5836.495499999999[0m
[32m2025-10-28 14:41:01 - INFO - è®¡ç®—è‚¡æ•°: 5836.495499999999 / 13.16 = 443[0m
[32m2025-10-28 14:41:01 - INFO - è®¡ç®—ä¹°å…¥è‚¡æ•°: 400[0m
[32m2025-10-28 14:42:33 - INFO - ç›®æ ‡æŠ•èµ„é‡‘é¢: 17686.35 * 33.0% = 5836.495499999999[0m
[32m2025-10-28 14:42:33 - INFO - è®¡ç®—è‚¡æ•°: 5836.495499999999 / 13.14 = 444[0m
[32m2025-10-28 14:42:33 - INFO - è®¡ç®—ä¹°å…¥è‚¡æ•°: 400[0m
[32m2025-10-28 14:43:57 - INFO - ç›®æ ‡æŠ•èµ„é‡‘é¢: 17686.35 * 33.0% = 5836.495499999999[0m
[32m2025-10-28 14:43:57 - INFO - è®¡ç®—è‚¡æ•°: 5836.495499999999 / 13.14 = 444[0m
[32m2025-10-28 14:43:57 - INFO - è®¡ç®—ä¹°å…¥è‚¡æ•°: 400[0m
[32m2025-10-28 14:45:26 - INFO - ç›®æ ‡æŠ•èµ„é‡‘é¢: 17686.35 * 33.0% = 5836.495499999999[0m
[32m2025-10-28 14:45:26 - INFO - è®¡ç®—è‚¡æ•°: 5836.495499999999 / 13.15 = 443[0m
[32m2025-10-28 14:45:26 - INFO - è®¡ç®—ä¹°å…¥è‚¡æ•°: 400[0m
[32m2025-10-28 14:46:56 - INFO - ç›®æ ‡æŠ•èµ„é‡‘é¢: 17686.35 * 33.0% = 5836.495499999999[0m
[32m2025-10-28 14:46:56 - INFO - è®¡ç®—è‚¡æ•°: 5836.495499999999 / 13.15 = 443[0m
[32m2025-10-28 14:46:56 - INFO - è®¡ç®—ä¹°å…¥è‚¡æ•°: 400[0m
[32m2025-10-28 14:48:30 - INFO - ç›®æ ‡æŠ•èµ„é‡‘é¢: 17686.35 * 33.0% = 5836.495499999999[0m
[32m2025-10-28 14:48:30 - INFO - è®¡ç®—è‚¡æ•°: 5836.495499999999 / 13.17 = 443[0m
[32m2025-10-28 14:48:30 - INFO - è®¡ç®—ä¹°å…¥è‚¡æ•°: 400[0m
[32m2025-10-28 14:50:00 - INFO - ç›®æ ‡æŠ•èµ„é‡‘é¢: 17686.35 * 33.0% = 5836.495499999999[0m
[32m2025-10-28 14:50:00 - INFO - è®¡ç®—è‚¡æ•°: 5836.495499999999 / 13.17 = 443[0m
[32m2025-10-28 14:50:00 - INFO - è®¡ç®—ä¹°å…¥è‚¡æ•°: 400[0m
[32m2025-10-28 14:51:42 - INFO - ç›®æ ‡æŠ•èµ„é‡‘é¢: 17686.35 * 33.0% = 5836.495499999999[0m
[32m2025-10-28 14:51:42 - INFO - è®¡ç®—è‚¡æ•°: 5836.495499999999 / 13.15 = 443[0m
[32m2025-10-28 14:51:42 - INFO - è®¡ç®—ä¹°å…¥è‚¡æ•°: 400[0m
[31m2025-10-28 14:52:27 - ERROR - ä¹°å…¥ ç« æºé’¨ä¸š 400 è‚¡å¤±è´¥: {'code': -32002, 'data': "Selector [childOrSibling=['child'], childOrSiblingSelector=[{'mask': 8388608, 'childOrSibling': [], 'childOrSiblingSelector': [], 'index': 0}], resourceId='com.hexin.plat.android:id/stockvolume']", 'method': 'wait'}[0m
Traceback (most recent call last):
  File "D:\Xander\git_projects\Investment\Investment\THS\AutoTrade\pages\trading\trade_logic.py", line 404, in operate_stock
    self.trading_page.input_volume(int(volume))
    ~~~~~~~~~~~~~~~~~~~~~~~~~~~~~~^^^^^^^^^^^^^
  File "D:\Xander\git_projects\Investment\Investment\THS\AutoTrade\pages\trading\page_trading.py", line 268, in input_volume
    volumn_input.send_keys(volume)
    ~~~~~~~~~~~~~~~~~~~~~~^^^^^^^^
  File "C:\Users\HQ\AppData\Local\Programs\Python\Python313\Lib\site-packages\uiautomator2\_selector.py", line 347, in send_keys
    return self.set_text(text)
           ~~~~~~~~~~~~~^^^^^^
  File "C:\Users\HQ\AppData\Local\Programs\Python\Python313\Lib\site-packages\uiautomator2\_selector.py", line 350, in set_text
    self.must_wait(timeout=timeout)
    ~~~~~~~~~~~~~~^^^^^^^^^^^^^^^^^
  File "C:\Users\HQ\AppData\Local\Programs\Python\Python313\Lib\site-packages\uiautomator2\_selector.py", line 343, in must_wait
    raise UiObjectNotFoundError({'code': -32002, 'data': str(self.selector), 'method': 'wait'})
uiautomator2.exceptions.UiObjectNotFoundError: {'code': -32002, 'data': "Selector [childOrSibling=['child'], childOrSiblingSelector=[{'mask': 8388608, 'childOrSibling': [], 'childOrSiblingSelector': [], 'index': 0}], resourceId='com.hexin.plat.android:id/stockvolume']", 'method': 'wait'}
[32m2025-10-28 14:52:27 - INFO - ç›®æ ‡æŠ•èµ„é‡‘é¢: 17686.35 * 33.0% = 5836.495499999999[0m
[32m2025-10-28 14:52:27 - INFO - è®¡ç®—è‚¡æ•°: 5836.495499999999 / 64.82 = 90[0m
[33m2025-10-28 14:52:27 - WARNING - è®¡ç®—å‡ºçš„ä¹°å…¥è‚¡æ•°ä¸è¶³100è‚¡[0m
[32m2025-10-28 14:57:29 - INFO - ç›®æ ‡æŠ•èµ„é‡‘é¢: 17686.35 * 33.0% = 5836.495499999999[0m
[32m2025-10-28 14:57:29 - INFO - è®¡ç®—è‚¡æ•°: 5836.495499999999 / 13.3 = 438[0m
[32m2025-10-28 14:57:29 - INFO - è®¡ç®—ä¹°å…¥è‚¡æ•°: 400[0m
[32m2025-10-29 09:50:34 - INFO - å…¨éƒ¨å–å‡º[0m
[32m2025-10-29 09:50:48 - INFO - å–å‡º ç« æºé’¨ä¸š 1500è‚¡ False æœ€æ–°:[0m
[32m2025-10-29 10:08:05 - INFO - ç›®æ ‡æŠ•èµ„é‡‘é¢: 64789.43 * 33.0% = 21380.511899999998[0m
[32m2025-10-29 10:08:05 - INFO - è®¡ç®—è‚¡æ•°: 21380.511899999998 / 30.46 = 701[0m
[32m2025-10-29 10:08:05 - INFO - è®¡ç®—ä¹°å…¥è‚¡æ•°: 700[0m
[32m2025-10-29 10:08:19 - INFO - ä¹°å…¥ åœ£æ³‰é›†å›¢ 700è‚¡ False æœ€æ–°:[0m
[32m2025-10-29 10:13:33 - INFO - ç›®æ ‡æŠ•èµ„é‡‘é¢: 17686.35 * 33.0% = 5836.495499999999[0m
[32m2025-10-29 10:13:33 - INFO - è®¡ç®—è‚¡æ•°: 5836.495499999999 / 30.45 = 191[0m
[32m2025-10-29 10:13:33 - INFO - è®¡ç®—ä¹°å…¥è‚¡æ•°: 100[0m
[32m2025-10-29 10:13:50 - INFO - ä¹°å…¥ åœ£æ³‰é›†å›¢ 100è‚¡ False æœ€æ–°:[0m
[32m2025-10-29 10:13:50 - INFO - ç›®æ ‡æŠ•èµ„é‡‘é¢: 17686.35 * 32.0% = 5659.632[0m
[32m2025-10-29 10:13:50 - INFO - è®¡ç®—è‚¡æ•°: 5659.632 / 64.29 = 88[0m
[33m2025-10-29 10:13:50 - WARNING - è®¡ç®—å‡ºçš„ä¹°å…¥è‚¡æ•°ä¸è¶³100è‚¡[0m
[32m2025-10-29 10:21:08 - INFO - å…¨éƒ¨å–å‡º[0m
[32m2025-10-29 10:21:21 - INFO - å–å‡º ä¸­èˆªæ²ˆé£ 300è‚¡ False æœ€æ–°:[0m
[32m2025-10-29 10:37:50 - INFO - ç›®æ ‡æŠ•èµ„é‡‘é¢: 64556.51 * 33.0% = 21303.6483[0m
[32m2025-10-29 10:37:50 - INFO - è®¡ç®—è‚¡æ•°: 21303.6483 / 18.79 = 1133[0m
[32m2025-10-29 10:37:50 - INFO - è®¡ç®—ä¹°å…¥è‚¡æ•°: 1100[0m
[32m2025-10-29 10:38:03 - INFO - ä¹°å…¥ è”šè“é”‚èŠ¯ 1100è‚¡ False æœ€æ–°:[0m
[32m2025-10-29 13:47:56 - INFO - ç›®æ ‡æŠ•èµ„é‡‘é¢: 64614.55 * 33.0% = 21322.801499999998[0m
[32m2025-10-29 13:47:56 - INFO - è®¡ç®—è‚¡æ•°: 21322.801499999998 / 27.88 = 764[0m
[32m2025-10-29 13:47:56 - INFO - è®¡ç®—ä¹°å…¥è‚¡æ•°: 700[0m
[32m2025-10-29 13:48:10 - INFO - ä¹°å…¥ ä¸­æ’ç”µæ°” 700è‚¡ False æœ€æ–°:[0m
[32m2025-10-29 14:57:39 - INFO - ç›®æ ‡æŠ•èµ„é‡‘é¢: 17686.35 * 33.0% = 5836.495499999999[0m
[32m2025-10-29 14:57:39 - INFO - è®¡ç®—è‚¡æ•°: 5836.495499999999 / 18.9 = 308[0m
[32m2025-10-29 14:57:39 - INFO - è®¡ç®—ä¹°å…¥è‚¡æ•°: 300[0m
[32m2025-10-30 09:37:52 - INFO - ç›®æ ‡æŠ•èµ„é‡‘é¢: 17686.35 * 34.0% = 6013.3589999999995[0m
[32m2025-10-30 09:37:52 - INFO - è®¡ç®—è‚¡æ•°: 6013.3589999999995 / 19.26 = 312[0m
[32m2025-10-30 09:37:52 - INFO - è®¡ç®—ä¹°å…¥è‚¡æ•°: 300[0m
[32m2025-10-30 09:38:07 - INFO - ä¹°å…¥ è”šè“é”‚èŠ¯ 300è‚¡ False ä¹°å…¥[0m
[32m2025-10-30 09:38:07 - INFO - ç›®æ ‡æŠ•èµ„é‡‘é¢: 17686.35 * 33.0% = 5836.495499999999[0m
[32m2025-10-30 09:38:07 - INFO - è®¡ç®—è‚¡æ•°: 5836.495499999999 / 27.46 = 212[0m
[32m2025-10-30 09:38:07 - INFO - è®¡ç®—ä¹°å…¥è‚¡æ•°: 200[0m
[32m2025-10-30 09:38:16 - INFO - ç›®æ ‡æŠ•èµ„é‡‘é¢: 17686.35 * 34.0% = 6013.3589999999995[0m
[32m2025-10-30 09:38:16 - INFO - è®¡ç®—è‚¡æ•°: 6013.3589999999995 / 19.26 = 312[0m
[32m2025-10-30 09:38:16 - INFO - è®¡ç®—ä¹°å…¥è‚¡æ•°: 300[0m
[31m2025-10-30 09:38:41 - ERROR - ä¹°å…¥ è”šè“é”‚èŠ¯ 300 è‚¡å¤±è´¥: {'code': -32002, 'data': "Selector [resourceId='com.hexin.plat.android:id/content_stock']", 'method': 'wait'}[0m
Traceback (most recent call last):
  File "D:\Xander\git_projects\Investment\Investment\THS\AutoTrade\pages\trading\trade_logic.py", line 412, in operate_stock
    self.trading_page.search_stock(stock_name)
    ~~~~~~~~~~~~~~~~~~~~~~~~~~~~~~^^^^^^^^^^^^
  File "D:\Xander\git_projects\Investment\Investment\THS\AutoTrade\pages\trading\page_trading.py", line 232, in search_stock
    stock_search.click()
    ~~~~~~~~~~~~~~~~~~^^
  File "C:\Users\HQ\AppData\Local\Programs\Python\Python313\Lib\site-packages\uiautomator2\_selector.py", line 148, in click
    self.must_wait(timeout=timeout)
    ~~~~~~~~~~~~~~^^^^^^^^^^^^^^^^^
  File "C:\Users\HQ\AppData\Local\Programs\Python\Python313\Lib\site-packages\uiautomator2\_selector.py", line 343, in must_wait
    raise UiObjectNotFoundError({'code': -32002, 'data': str(self.selector), 'method': 'wait'})
uiautomator2.exceptions.UiObjectNotFoundError: {'code': -32002, 'data': "Selector [resourceId='com.hexin.plat.android:id/content_stock']", 'method': 'wait'}
[32m2025-10-30 09:38:41 - INFO - ç›®æ ‡æŠ•èµ„é‡‘é¢: 17686.35 * 33.0% = 5836.495499999999[0m
[32m2025-10-30 09:38:41 - INFO - è®¡ç®—è‚¡æ•°: 5836.495499999999 / 27.46 = 212[0m
[32m2025-10-30 09:38:41 - INFO - è®¡ç®—ä¹°å…¥è‚¡æ•°: 200[0m
[31m2025-10-30 09:39:05 - ERROR - ä¹°å…¥ ä¸­æ’ç”µæ°” 200 è‚¡å¤±è´¥: {'code': -32002, 'data': "Selector [resourceId='com.hexin.plat.android:id/content_stock']", 'method': 'wait'}[0m
Traceback (most recent call last):
  File "D:\Xander\git_projects\Investment\Investment\THS\AutoTrade\pages\trading\trade_logic.py", line 412, in operate_stock
    self.trading_page.search_stock(stock_name)
    ~~~~~~~~~~~~~~~~~~~~~~~~~~~~~~^^^^^^^^^^^^
  File "D:\Xander\git_projects\Investment\Investment\THS\AutoTrade\pages\trading\page_trading.py", line 232, in search_stock
    stock_search.click()
    ~~~~~~~~~~~~~~~~~~^^
  File "C:\Users\HQ\AppData\Local\Programs\Python\Python313\Lib\site-packages\uiautomator2\_selector.py", line 148, in click
    self.must_wait(timeout=timeout)
    ~~~~~~~~~~~~~~^^^^^^^^^^^^^^^^^
  File "C:\Users\HQ\AppData\Local\Programs\Python\Python313\Lib\site-packages\uiautomator2\_selector.py", line 343, in must_wait
    raise UiObjectNotFoundError({'code': -32002, 'data': str(self.selector), 'method': 'wait'})
uiautomator2.exceptions.UiObjectNotFoundError: {'code': -32002, 'data': "Selector [resourceId='com.hexin.plat.android:id/content_stock']", 'method': 'wait'}
[32m2025-10-30 09:39:05 - INFO - ç›®æ ‡æŠ•èµ„é‡‘é¢: 17686.35 * 32.0% = 5659.632[0m
[32m2025-10-30 09:39:05 - INFO - è®¡ç®—è‚¡æ•°: 5659.632 / 29.55 = 191[0m
[32m2025-10-30 09:39:05 - INFO - è®¡ç®—ä¹°å…¥è‚¡æ•°: 100[0m
[32m2025-10-30 09:39:21 - INFO - ä¹°å…¥ åœ£æ³‰é›†å›¢ 100è‚¡ False æœ€æ–°:[0m
[32m2025-10-30 09:43:26 - INFO - ç›®æ ‡æŠ•èµ„é‡‘é¢: 17686.35 * 34.0% = 6013.3589999999995[0m
[32m2025-10-30 09:43:26 - INFO - è®¡ç®—è‚¡æ•°: 6013.3589999999995 / 19.11 = 314[0m
[32m2025-10-30 09:43:26 - INFO - è®¡ç®—ä¹°å…¥è‚¡æ•°: 300[0m
[32m2025-10-30 09:45:05 - INFO - ç›®æ ‡æŠ•èµ„é‡‘é¢: 17686.35 * 34.0% = 6013.3589999999995[0m
[32m2025-10-30 09:45:05 - INFO - è®¡ç®—è‚¡æ•°: 6013.3589999999995 / 19.03 = 315[0m
[32m2025-10-30 09:45:05 - INFO - è®¡ç®—ä¹°å…¥è‚¡æ•°: 300[0m
[32m2025-10-30 09:53:28 - INFO - å…¨éƒ¨å–å‡º[0m
[32m2025-10-30 09:53:42 - INFO - å–å‡º è”šè“é”‚èŠ¯ 1100è‚¡ False æœ€æ–°:[0m
[32m2025-10-30 10:00:00 - INFO - å…¨éƒ¨å–å‡º[0m
[32m2025-10-30 10:00:13 - INFO - å–å‡º åœ£æ³‰é›†å›¢ 800è‚¡ False æœ€æ–°:[0m
[32m2025-10-30 10:05:39 - INFO - ç›®æ ‡æŠ•èµ„é‡‘é¢: 62831.71 * 32.0% = 20106.1472[0m
[32m2025-10-30 10:05:39 - INFO - è®¡ç®—è‚¡æ•°: 20106.1472 / 26.63 = 755[0m
[32m2025-10-30 10:05:39 - INFO - è®¡ç®—ä¹°å…¥è‚¡æ•°: 700[0m
[32m2025-10-30 10:24:07 - INFO - ç›®æ ‡æŠ•èµ„é‡‘é¢: 17686.35 * 32.0% = 5659.632[0m
[32m2025-10-30 10:24:07 - INFO - è®¡ç®—è‚¡æ•°: 5659.632 / 26.53 = 213[0m
[32m2025-10-30 10:24:07 - INFO - è®¡ç®—ä¹°å…¥è‚¡æ•°: 200[0m
[32m2025-10-30 10:24:27 - INFO - ä¹°å…¥ ä¸­æ’ç”µæ°” 200è‚¡ False æœ€æ–°:[0m
[32m2025-10-30 10:33:11 - INFO - å…¨éƒ¨å–å‡º[0m
[32m2025-10-30 10:33:25 - INFO - å–å‡º ä¸­æ’ç”µæ°” 700è‚¡ False æœ€æ–°:[0m
[33m2025-10-30 10:34:20 - WARNING - æ— å¯ç”¨æ•°é‡: available_shares=0[0m
[33m2025-10-30 10:35:16 - WARNING - æ— å¯ç”¨æ•°é‡: available_shares=0[0m
[33m2025-10-30 10:36:01 - WARNING - æ— å¯ç”¨æ•°é‡: available_shares=0[0m
[33m2025-10-30 10:36:52 - WARNING - æ— å¯ç”¨æ•°é‡: available_shares=0[0m
[33m2025-10-30 10:37:43 - WARNING - æ— å¯ç”¨æ•°é‡: available_shares=0[0m
[33m2025-10-30 10:38:30 - WARNING - æ— å¯ç”¨æ•°é‡: available_shares=0[0m
[33m2025-10-30 10:39:26 - WARNING - æ— å¯ç”¨æ•°é‡: available_shares=0[0m
[33m2025-10-30 10:40:12 - WARNING - æ— å¯ç”¨æ•°é‡: available_shares=0[0m
[33m2025-10-30 10:41:12 - WARNING - æ— å¯ç”¨æ•°é‡: available_shares=0[0m
[33m2025-10-30 10:41:58 - WARNING - æ— å¯ç”¨æ•°é‡: available_shares=0[0m
[33m2025-10-30 10:42:55 - WARNING - æ— å¯ç”¨æ•°é‡: available_shares=0[0m
[33m2025-10-30 10:43:46 - WARNING - æ— å¯ç”¨æ•°é‡: available_shares=0[0m
[33m2025-10-30 10:44:44 - WARNING - æ— å¯ç”¨æ•°é‡: available_shares=0[0m
[33m2025-10-30 10:45:38 - WARNING - æ— å¯ç”¨æ•°é‡: available_shares=0[0m
[33m2025-10-30 10:46:26 - WARNING - æ— å¯ç”¨æ•°é‡: available_shares=0[0m
[33m2025-10-30 10:47:25 - WARNING - æ— å¯ç”¨æ•°é‡: available_shares=0[0m
[33m2025-10-30 10:48:22 - WARNING - æ— å¯ç”¨æ•°é‡: available_shares=0[0m
[33m2025-10-30 10:49:23 - WARNING - æ— å¯ç”¨æ•°é‡: available_shares=0[0m
[33m2025-10-30 10:50:26 - WARNING - æ— å¯ç”¨æ•°é‡: available_shares=0[0m
[33m2025-10-30 10:51:21 - WARNING - æ— å¯ç”¨æ•°é‡: available_shares=0[0m
[33m2025-10-30 10:52:25 - WARNING - æ— å¯ç”¨æ•°é‡: available_shares=0[0m
[33m2025-10-30 10:53:23 - WARNING - æ— å¯ç”¨æ•°é‡: available_shares=0[0m
[33m2025-10-30 10:54:25 - WARNING - æ— å¯ç”¨æ•°é‡: available_shares=0[0m
[33m2025-10-30 10:55:20 - WARNING - æ— å¯ç”¨æ•°é‡: available_shares=0[0m
[33m2025-10-30 10:56:14 - WARNING - æ— å¯ç”¨æ•°é‡: available_shares=0[0m
[33m2025-10-30 10:57:10 - WARNING - æ— å¯ç”¨æ•°é‡: available_shares=0[0m
[33m2025-10-30 10:57:56 - WARNING - æ— å¯ç”¨æ•°é‡: available_shares=0[0m
[33m2025-10-30 10:58:53 - WARNING - æ— å¯ç”¨æ•°é‡: available_shares=0[0m
[33m2025-10-30 10:59:49 - WARNING - æ— å¯ç”¨æ•°é‡: available_shares=0[0m
[33m2025-10-30 11:00:38 - WARNING - æ— å¯ç”¨æ•°é‡: available_shares=0[0m
[33m2025-10-30 11:01:33 - WARNING - æ— å¯ç”¨æ•°é‡: available_shares=0[0m
[33m2025-10-30 11:02:18 - WARNING - æ— å¯ç”¨æ•°é‡: available_shares=0[0m
[33m2025-10-30 11:03:16 - WARNING - æ— å¯ç”¨æ•°é‡: available_shares=0[0m
[33m2025-10-30 11:04:13 - WARNING - æ— å¯ç”¨æ•°é‡: available_shares=0[0m
[33m2025-10-30 11:04:59 - WARNING - æ— å¯ç”¨æ•°é‡: available_shares=0[0m
[33m2025-10-30 11:05:58 - WARNING - æ— å¯ç”¨æ•°é‡: available_shares=0[0m
[33m2025-10-30 11:06:56 - WARNING - æ— å¯ç”¨æ•°é‡: available_shares=0[0m
[33m2025-10-30 11:07:52 - WARNING - æ— å¯ç”¨æ•°é‡: available_shares=0[0m
[33m2025-10-30 11:08:45 - WARNING - æ— å¯ç”¨æ•°é‡: available_shares=0[0m
[33m2025-10-30 11:09:44 - WARNING - æ— å¯ç”¨æ•°é‡: available_shares=0[0m
[33m2025-10-30 11:10:32 - WARNING - æ— å¯ç”¨æ•°é‡: available_shares=0[0m
[33m2025-10-30 11:11:29 - WARNING - æ— å¯ç”¨æ•°é‡: available_shares=0[0m
[33m2025-10-30 11:12:15 - WARNING - æ— å¯ç”¨æ•°é‡: available_shares=0[0m
[33m2025-10-30 11:13:17 - WARNING - æ— å¯ç”¨æ•°é‡: available_shares=0[0m
[33m2025-10-30 11:14:10 - WARNING - æ— å¯ç”¨æ•°é‡: available_shares=0[0m
[33m2025-10-30 11:15:13 - WARNING - æ— å¯ç”¨æ•°é‡: available_shares=0[0m
[33m2025-10-30 11:16:10 - WARNING - æ— å¯ç”¨æ•°é‡: available_shares=0[0m
[33m2025-10-30 11:17:13 - WARNING - æ— å¯ç”¨æ•°é‡: available_shares=0[0m
[33m2025-10-30 11:18:07 - WARNING - æ— å¯ç”¨æ•°é‡: available_shares=0[0m
[33m2025-10-30 11:19:01 - WARNING - æ— å¯ç”¨æ•°é‡: available_shares=0[0m
[33m2025-10-30 11:19:47 - WARNING - æ— å¯ç”¨æ•°é‡: available_shares=0[0m
[33m2025-10-30 11:20:33 - WARNING - æ— å¯ç”¨æ•°é‡: available_shares=0[0m
[33m2025-10-30 11:21:38 - WARNING - æ— å¯ç”¨æ•°é‡: available_shares=0[0m
[33m2025-10-30 11:22:24 - WARNING - æ— å¯ç”¨æ•°é‡: available_shares=0[0m
[33m2025-10-30 11:23:28 - WARNING - æ— å¯ç”¨æ•°é‡: available_shares=0[0m
[33m2025-10-30 11:24:27 - WARNING - æ— å¯ç”¨æ•°é‡: available_shares=0[0m
[33m2025-10-30 11:25:17 - WARNING - æ— å¯ç”¨æ•°é‡: available_shares=0[0m
[33m2025-10-30 11:26:16 - WARNING - æ— å¯ç”¨æ•°é‡: available_shares=0[0m
[33m2025-10-30 11:27:13 - WARNING - æ— å¯ç”¨æ•°é‡: available_shares=0[0m
[33m2025-10-30 11:27:57 - WARNING - æ— å¯ç”¨æ•°é‡: available_shares=0[0m
[33m2025-10-30 11:28:47 - WARNING - æ— å¯ç”¨æ•°é‡: available_shares=0[0m
[33m2025-10-30 11:29:47 - WARNING - æ— å¯ç”¨æ•°é‡: available_shares=0[0m
[33m2025-10-30 13:00:39 - WARNING - æ— å¯ç”¨æ•°é‡: available_shares=0[0m
[33m2025-10-30 13:01:28 - WARNING - æ— å¯ç”¨æ•°é‡: available_shares=0[0m
[33m2025-10-30 13:02:27 - WARNING - æ— å¯ç”¨æ•°é‡: available_shares=0[0m
[33m2025-10-30 13:03:24 - WARNING - æ— å¯ç”¨æ•°é‡: available_shares=0[0m
[33m2025-10-30 13:04:19 - WARNING - æ— å¯ç”¨æ•°é‡: available_shares=0[0m
[33m2025-10-30 13:05:14 - WARNING - æ— å¯ç”¨æ•°é‡: available_shares=0[0m
[33m2025-10-30 13:06:07 - WARNING - æ— å¯ç”¨æ•°é‡: available_shares=0[0m
[33m2025-10-30 13:07:04 - WARNING - æ— å¯ç”¨æ•°é‡: available_shares=0[0m
[33m2025-10-30 13:08:08 - WARNING - æ— å¯ç”¨æ•°é‡: available_shares=0[0m
[33m2025-10-30 13:09:07 - WARNING - æ— å¯ç”¨æ•°é‡: available_shares=0[0m
[33m2025-10-30 13:09:54 - WARNING - æ— å¯ç”¨æ•°é‡: available_shares=0[0m
[33m2025-10-30 13:10:54 - WARNING - æ— å¯ç”¨æ•°é‡: available_shares=0[0m
[33m2025-10-30 13:11:41 - WARNING - æ— å¯ç”¨æ•°é‡: available_shares=0[0m
[33m2025-10-30 13:12:33 - WARNING - æ— å¯ç”¨æ•°é‡: available_shares=0[0m
[33m2025-10-30 13:13:29 - WARNING - æ— å¯ç”¨æ•°é‡: available_shares=0[0m
[33m2025-10-30 13:14:25 - WARNING - æ— å¯ç”¨æ•°é‡: available_shares=0[0m
[33m2025-10-30 13:15:21 - WARNING - æ— å¯ç”¨æ•°é‡: available_shares=0[0m
[33m2025-10-30 13:16:08 - WARNING - æ— å¯ç”¨æ•°é‡: available_shares=0[0m
[33m2025-10-30 13:16:56 - WARNING - æ— å¯ç”¨æ•°é‡: available_shares=0[0m
[33m2025-10-30 13:17:44 - WARNING - æ— å¯ç”¨æ•°é‡: available_shares=0[0m
[33m2025-10-30 13:18:35 - WARNING - æ— å¯ç”¨æ•°é‡: available_shares=0[0m
[33m2025-10-30 13:19:32 - WARNING - æ— å¯ç”¨æ•°é‡: available_shares=0[0m
[33m2025-10-30 13:20:21 - WARNING - æ— å¯ç”¨æ•°é‡: available_shares=0[0m
[33m2025-10-30 13:21:14 - WARNING - æ— å¯ç”¨æ•°é‡: available_shares=0[0m
[33m2025-10-30 13:22:14 - WARNING - æ— å¯ç”¨æ•°é‡: available_shares=0[0m
[33m2025-10-30 13:23:17 - WARNING - æ— å¯ç”¨æ•°é‡: available_shares=0[0m
[33m2025-10-30 13:24:03 - WARNING - æ— å¯ç”¨æ•°é‡: available_shares=0[0m
[33m2025-10-30 13:24:47 - WARNING - æ— å¯ç”¨æ•°é‡: available_shares=0[0m
[33m2025-10-30 13:25:44 - WARNING - æ— å¯ç”¨æ•°é‡: available_shares=0[0m
[33m2025-10-30 13:26:31 - WARNING - æ— å¯ç”¨æ•°é‡: available_shares=0[0m
[33m2025-10-30 13:27:26 - WARNING - æ— å¯ç”¨æ•°é‡: available_shares=0[0m
[33m2025-10-30 13:28:15 - WARNING - æ— å¯ç”¨æ•°é‡: available_shares=0[0m
[33m2025-10-30 13:29:13 - WARNING - æ— å¯ç”¨æ•°é‡: available_shares=0[0m
[33m2025-10-30 13:29:59 - WARNING - æ— å¯ç”¨æ•°é‡: available_shares=0[0m
[33m2025-10-30 13:31:03 - WARNING - æ— å¯ç”¨æ•°é‡: available_shares=0[0m
[33m2025-10-30 13:31:52 - WARNING - æ— å¯ç”¨æ•°é‡: available_shares=0[0m
[33m2025-10-30 13:32:54 - WARNING - æ— å¯ç”¨æ•°é‡: available_shares=0[0m
[33m2025-10-30 13:33:49 - WARNING - æ— å¯ç”¨æ•°é‡: available_shares=0[0m
[33m2025-10-30 13:34:44 - WARNING - æ— å¯ç”¨æ•°é‡: available_shares=0[0m
[33m2025-10-30 13:35:34 - WARNING - æ— å¯ç”¨æ•°é‡: available_shares=0[0m
[33m2025-10-30 13:36:23 - WARNING - æ— å¯ç”¨æ•°é‡: available_shares=0[0m
[33m2025-10-30 13:37:21 - WARNING - æ— å¯ç”¨æ•°é‡: available_shares=0[0m
[33m2025-10-30 13:38:14 - WARNING - æ— å¯ç”¨æ•°é‡: available_shares=0[0m
[33m2025-10-30 13:39:08 - WARNING - æ— å¯ç”¨æ•°é‡: available_shares=0[0m
[33m2025-10-30 13:39:57 - WARNING - æ— å¯ç”¨æ•°é‡: available_shares=0[0m
[33m2025-10-30 13:40:42 - WARNING - æ— å¯ç”¨æ•°é‡: available_shares=0[0m
[33m2025-10-30 13:41:44 - WARNING - æ— å¯ç”¨æ•°é‡: available_shares=0[0m
[33m2025-10-30 13:42:33 - WARNING - æ— å¯ç”¨æ•°é‡: available_shares=0[0m
[33m2025-10-30 13:43:21 - WARNING - æ— å¯ç”¨æ•°é‡: available_shares=0[0m
[33m2025-10-30 13:44:13 - WARNING - æ— å¯ç”¨æ•°é‡: available_shares=0[0m
[33m2025-10-30 13:45:16 - WARNING - æ— å¯ç”¨æ•°é‡: available_shares=0[0m
[33m2025-10-30 13:46:09 - WARNING - æ— å¯ç”¨æ•°é‡: available_shares=0[0m
[33m2025-10-30 13:47:11 - WARNING - æ— å¯ç”¨æ•°é‡: available_shares=0[0m
[33m2025-10-30 13:48:01 - WARNING - æ— å¯ç”¨æ•°é‡: available_shares=0[0m
[33m2025-10-30 13:48:48 - WARNING - æ— å¯ç”¨æ•°é‡: available_shares=0[0m
[33m2025-10-30 13:49:47 - WARNING - æ— å¯ç”¨æ•°é‡: available_shares=0[0m
[33m2025-10-30 13:50:41 - WARNING - æ— å¯ç”¨æ•°é‡: available_shares=0[0m
[33m2025-10-30 13:51:32 - WARNING - æ— å¯ç”¨æ•°é‡: available_shares=0[0m
[33m2025-10-30 13:52:34 - WARNING - æ— å¯ç”¨æ•°é‡: available_shares=0[0m
[33m2025-10-30 13:53:25 - WARNING - æ— å¯ç”¨æ•°é‡: available_shares=0[0m
[33m2025-10-30 13:54:27 - WARNING - æ— å¯ç”¨æ•°é‡: available_shares=0[0m
[33m2025-10-30 13:55:11 - WARNING - æ— å¯ç”¨æ•°é‡: available_shares=0[0m
[33m2025-10-30 13:56:04 - WARNING - æ— å¯ç”¨æ•°é‡: available_shares=0[0m
[33m2025-10-30 13:56:55 - WARNING - æ— å¯ç”¨æ•°é‡: available_shares=0[0m
[33m2025-10-30 13:57:43 - WARNING - æ— å¯ç”¨æ•°é‡: available_shares=0[0m
[33m2025-10-30 13:58:28 - WARNING - æ— å¯ç”¨æ•°é‡: available_shares=0[0m
[33m2025-10-30 13:59:17 - WARNING - æ— å¯ç”¨æ•°é‡: available_shares=0[0m
[33m2025-10-30 14:00:14 - WARNING - æ— å¯ç”¨æ•°é‡: available_shares=0[0m
[33m2025-10-30 14:01:05 - WARNING - æ— å¯ç”¨æ•°é‡: available_shares=0[0m
[33m2025-10-30 14:02:07 - WARNING - æ— å¯ç”¨æ•°é‡: available_shares=0[0m
[33m2025-10-30 14:03:10 - WARNING - æ— å¯ç”¨æ•°é‡: available_shares=0[0m
[33m2025-10-30 14:04:04 - WARNING - æ— å¯ç”¨æ•°é‡: available_shares=0[0m
[33m2025-10-30 14:04:59 - WARNING - æ— å¯ç”¨æ•°é‡: available_shares=0[0m
[33m2025-10-30 14:05:52 - WARNING - æ— å¯ç”¨æ•°é‡: available_shares=0[0m
[33m2025-10-30 14:06:50 - WARNING - æ— å¯ç”¨æ•°é‡: available_shares=0[0m
[33m2025-10-30 14:07:39 - WARNING - æ— å¯ç”¨æ•°é‡: available_shares=0[0m
[33m2025-10-30 14:08:32 - WARNING - æ— å¯ç”¨æ•°é‡: available_shares=0[0m
[33m2025-10-30 14:09:23 - WARNING - æ— å¯ç”¨æ•°é‡: available_shares=0[0m
[33m2025-10-30 14:10:13 - WARNING - æ— å¯ç”¨æ•°é‡: available_shares=0[0m
[33m2025-10-30 14:11:07 - WARNING - æ— å¯ç”¨æ•°é‡: available_shares=0[0m
[33m2025-10-30 14:11:55 - WARNING - æ— å¯ç”¨æ•°é‡: available_shares=0[0m
[33m2025-10-30 14:12:46 - WARNING - æ— å¯ç”¨æ•°é‡: available_shares=0[0m
[33m2025-10-30 14:13:47 - WARNING - æ— å¯ç”¨æ•°é‡: available_shares=0[0m
[33m2025-10-30 14:14:36 - WARNING - æ— å¯ç”¨æ•°é‡: available_shares=0[0m
[33m2025-10-30 14:15:25 - WARNING - æ— å¯ç”¨æ•°é‡: available_shares=0[0m
[33m2025-10-30 14:16:24 - WARNING - æ— å¯ç”¨æ•°é‡: available_shares=0[0m
[33m2025-10-30 14:17:10 - WARNING - æ— å¯ç”¨æ•°é‡: available_shares=0[0m
[33m2025-10-30 14:17:57 - WARNING - æ— å¯ç”¨æ•°é‡: available_shares=0[0m
[33m2025-10-30 14:18:58 - WARNING - æ— å¯ç”¨æ•°é‡: available_shares=0[0m
[33m2025-10-30 14:19:45 - WARNING - æ— å¯ç”¨æ•°é‡: available_shares=0[0m
[33m2025-10-30 14:20:31 - WARNING - æ— å¯ç”¨æ•°é‡: available_shares=0[0m
[33m2025-10-30 14:21:21 - WARNING - æ— å¯ç”¨æ•°é‡: available_shares=0[0m
[33m2025-10-30 14:22:17 - WARNING - æ— å¯ç”¨æ•°é‡: available_shares=0[0m
[33m2025-10-30 14:23:13 - WARNING - æ— å¯ç”¨æ•°é‡: available_shares=0[0m
[33m2025-10-30 14:24:00 - WARNING - æ— å¯ç”¨æ•°é‡: available_shares=0[0m
[33m2025-10-30 14:25:02 - WARNING - æ— å¯ç”¨æ•°é‡: available_shares=0[0m
[33m2025-10-30 14:26:03 - WARNING - æ— å¯ç”¨æ•°é‡: available_shares=0[0m
[33m2025-10-30 14:26:49 - WARNING - æ— å¯ç”¨æ•°é‡: available_shares=0[0m
[33m2025-10-30 14:27:53 - WARNING - æ— å¯ç”¨æ•°é‡: available_shares=0[0m
[33m2025-10-30 14:28:49 - WARNING - æ— å¯ç”¨æ•°é‡: available_shares=0[0m
[33m2025-10-30 14:29:53 - WARNING - æ— å¯ç”¨æ•°é‡: available_shares=0[0m
[33m2025-10-30 14:30:38 - WARNING - æ— å¯ç”¨æ•°é‡: available_shares=0[0m
[33m2025-10-30 14:31:24 - WARNING - æ— å¯ç”¨æ•°é‡: available_shares=0[0m
[33m2025-10-30 14:32:13 - WARNING - æ— å¯ç”¨æ•°é‡: available_shares=0[0m
[33m2025-10-30 14:33:02 - WARNING - æ— å¯ç”¨æ•°é‡: available_shares=0[0m
[33m2025-10-30 14:33:58 - WARNING - æ— å¯ç”¨æ•°é‡: available_shares=0[0m
[33m2025-10-30 14:34:53 - WARNING - æ— å¯ç”¨æ•°é‡: available_shares=0[0m
[33m2025-10-30 14:35:54 - WARNING - æ— å¯ç”¨æ•°é‡: available_shares=0[0m
[33m2025-10-30 14:36:44 - WARNING - æ— å¯ç”¨æ•°é‡: available_shares=0[0m
[33m2025-10-30 14:37:36 - WARNING - æ— å¯ç”¨æ•°é‡: available_shares=0[0m
[33m2025-10-30 14:38:28 - WARNING - æ— å¯ç”¨æ•°é‡: available_shares=0[0m
[33m2025-10-30 14:39:20 - WARNING - æ— å¯ç”¨æ•°é‡: available_shares=0[0m
[33m2025-10-30 14:40:11 - WARNING - æ— å¯ç”¨æ•°é‡: available_shares=0[0m
[33m2025-10-30 14:41:01 - WARNING - æ— å¯ç”¨æ•°é‡: available_shares=0[0m
[33m2025-10-30 14:41:52 - WARNING - æ— å¯ç”¨æ•°é‡: available_shares=0[0m
[33m2025-10-30 14:42:47 - WARNING - æ— å¯ç”¨æ•°é‡: available_shares=0[0m
[33m2025-10-30 14:43:35 - WARNING - æ— å¯ç”¨æ•°é‡: available_shares=0[0m
[33m2025-10-30 14:44:30 - WARNING - æ— å¯ç”¨æ•°é‡: available_shares=0[0m
[33m2025-10-30 14:45:32 - WARNING - æ— å¯ç”¨æ•°é‡: available_shares=0[0m
[33m2025-10-30 14:46:35 - WARNING - æ— å¯ç”¨æ•°é‡: available_shares=0[0m
[33m2025-10-30 14:47:37 - WARNING - æ— å¯ç”¨æ•°é‡: available_shares=0[0m
[33m2025-10-30 14:48:31 - WARNING - æ— å¯ç”¨æ•°é‡: available_shares=0[0m
[33m2025-10-30 14:49:35 - WARNING - æ— å¯ç”¨æ•°é‡: available_shares=0[0m
[33m2025-10-30 14:50:32 - WARNING - æ— å¯ç”¨æ•°é‡: available_shares=0[0m
[33m2025-10-30 14:51:31 - WARNING - æ— å¯ç”¨æ•°é‡: available_shares=0[0m
[33m2025-10-30 14:52:23 - WARNING - æ— å¯ç”¨æ•°é‡: available_shares=0[0m
[33m2025-10-30 14:53:08 - WARNING - æ— å¯ç”¨æ•°é‡: available_shares=0[0m
[33m2025-10-30 14:53:53 - WARNING - æ— å¯ç”¨æ•°é‡: available_shares=0[0m
[33m2025-10-30 14:54:46 - WARNING - æ— å¯ç”¨æ•°é‡: available_shares=0[0m
[33m2025-10-30 14:55:38 - WARNING - æ— å¯ç”¨æ•°é‡: available_shares=0[0m
[33m2025-10-30 14:56:42 - WARNING - æ— å¯ç”¨æ•°é‡: available_shares=0[0m
