{"name": "test_getMsgSum1[1-2-{'msg': 'Success', 'code': 0, 'data': {'transferSum': 0}}]", "status": "failed", "statusDetails": {"message": "AssertionError: assert 'Success' == \"{'msg': 'Suc...sferSum': 0}}\"\n  - {'msg': 'Success', 'code': 0, 'data': {'transferSum': 0}}\n  + Success", "trace": "self = <test_case.Test_getMsg object at 0x000001E5D1D48908>, id = 1, col = 2\nresult = \"{'msg': 'Success', 'code': 0, 'data': {'transferSum': 0}}\"\n\n    @allure.story(\"通知消息数统计用例\")\n    @pytest.mark.parametrize(\"id,col,result\",lst)\n    def test_getMsgSum1(self,id,col,result):\n        req=getMsgSum(id,col)\n        assert  req.status_code ==200\n>       assert   eval(req.text)[\"msg\"]==result\nE       assert 'Success' == \"{'msg': 'Suc...sferSum': 0}}\"\nE         - {'msg': 'Success', 'code': 0, 'data': {'transferSum': 0}}\nE         + Success\n\ntest_case.py:14: AssertionError"}, "parameters": [{"name": "id", "value": "1"}, {"name": "col", "value": "2"}, {"name": "result", "value": "'{'msg': 'Success', 'code': 0, 'data': {'transferSum': 0}}'"}], "start": 1744636871014, "stop": 1744636871027, "uuid": "527b72c8-44fc-4918-9c83-e8d0c7dc84b3", "historyId": "ca1aca55176f4def92e009d46dc32bf3", "testCaseId": "462785d24dd0228639f59b2138ca7605", "fullName": "test_case.Test_getMsg#test_getMsgSum1", "labels": [{"name": "story", "value": "通知消息数统计用例"}, {"name": "feature", "value": "消息统计模块"}, {"name": "suite", "value": "test_case"}, {"name": "subSuite", "value": "Test_getMsg"}, {"name": "host", "value": "LX-20231129PGQI"}, {"name": "thread", "value": "13548-MainThread"}, {"name": "framework", "value": "pytest"}, {"name": "language", "value": "cpython3"}, {"name": "package", "value": "test_case"}]}