{"name": "test_getMsgSum1[1-1-{'msg': 'Success', 'code': 0, 'data': {'alarmSum': 0}}]", "status": "failed", "statusDetails": {"message": "AssertionError: assert 'Success' == \"{'msg': 'Suc...larmSum': 0}}\"\n  - {'msg': 'Success', 'code': 0, 'data': {'alarmSum': 0}}\n  + Success", "trace": "self = <test_case.Test_getMsg object at 0x000001E5D1D48898>, id = 1, col = 1\nresult = \"{'msg': 'Success', 'code': 0, 'data': {'alarmSum': 0}}\"\n\n    @allure.story(\"通知消息数统计用例\")\n    @pytest.mark.parametrize(\"id,col,result\",lst)\n    def test_getMsgSum1(self,id,col,result):\n        req=getMsgSum(id,col)\n        assert  req.status_code ==200\n>       assert   eval(req.text)[\"msg\"]==result\nE       assert 'Success' == \"{'msg': 'Suc...larmSum': 0}}\"\nE         - {'msg': 'Success', 'code': 0, 'data': {'alarmSum': 0}}\nE         + Success\n\ntest_case.py:14: AssertionError"}, "parameters": [{"name": "id", "value": "1"}, {"name": "col", "value": "1"}, {"name": "result", "value": "'{'msg': 'Success', 'code': 0, 'data': {'alarmSum': 0}}'"}], "start": 1744636870991, "stop": 1744636871006, "uuid": "13dbf222-47c4-470c-ada3-2403b2610ebf", "historyId": "85ce6a354337dae64a2c0b9ecf225f79", "testCaseId": "462785d24dd0228639f59b2138ca7605", "fullName": "test_case.Test_getMsg#test_getMsgSum1", "labels": [{"name": "story", "value": "通知消息数统计用例"}, {"name": "feature", "value": "消息统计模块"}, {"name": "suite", "value": "test_case"}, {"name": "subSuite", "value": "Test_getMsg"}, {"name": "host", "value": "LX-20231129PGQI"}, {"name": "thread", "value": "13548-MainThread"}, {"name": "framework", "value": "pytest"}, {"name": "language", "value": "cpython3"}, {"name": "package", "value": "test_case"}]}