{"name": "test_getMsgSum1[3-1-{'msg': 'Success', 'code': 0, 'data': {'alarmSum': 0}}]", "status": "failed", "statusDetails": {"message": "AssertionError: assert '{\"msg\": \"Suc...larmSum\": 0}}' == \"{'msg': 'Suc...larmSum': 0}}\"\n  - {'msg': 'Success', 'code': 0, 'data': {'alarmSum': 0}}\n  ?  ^   ^  ^       ^  ^    ^     ^    ^   ^        ^\n  + {\"msg\": \"Success\", \"code\": 0, \"data\": {\"alarmSum\": 0}}\n  ?  ^   ^  ^       ^  ^    ^     ^    ^   ^        ^", "trace": "self = <test_case.Test_getMsg object at 0x00000225FF13C828>, id = 3, col = 1\nresult = \"{'msg': 'Success', 'code': 0, 'data': {'alarmSum': 0}}\"\n\n    @allure.story(\"通知消息数统计用例\")\n    @pytest.mark.parametrize(\"id,col,result\",lst)\n    def test_getMsgSum1(self,id,col,result):\n        req=getMsgSum(id,col)\n        assert  req.status_code ==200\n>       assert   req.text==result\nE       assert '{\"msg\": \"Suc...larmSum\": 0}}' == \"{'msg': 'Suc...larmSum': 0}}\"\nE         - {'msg': 'Success', 'code': 0, 'data': {'alarmSum': 0}}\nE         ?  ^   ^  ^       ^  ^    ^     ^    ^   ^        ^\nE         + {\"msg\": \"Success\", \"code\": 0, \"data\": {\"alarmSum\": 0}}\nE         ?  ^   ^  ^       ^  ^    ^     ^    ^   ^        ^\n\ntest_case.py:14: AssertionError"}, "parameters": [{"name": "id", "value": "3"}, {"name": "col", "value": "1"}, {"name": "result", "value": "'{'msg': 'Success', 'code': 0, 'data': {'alarmSum': 0}}'"}], "start": 1744637259702, "stop": 1744637259710, "uuid": "aae37280-f185-4913-9992-084232865a71", "historyId": "9d2101c860bd95802ad46f9eb601050f", "testCaseId": "462785d24dd0228639f59b2138ca7605", "fullName": "test_case.Test_getMsg#test_getMsgSum1", "labels": [{"name": "feature", "value": "消息统计模块"}, {"name": "story", "value": "通知消息数统计用例"}, {"name": "suite", "value": "test_case"}, {"name": "subSuite", "value": "Test_getMsg"}, {"name": "host", "value": "LX-20231129PGQI"}, {"name": "thread", "value": "15832-MainThread"}, {"name": "framework", "value": "pytest"}, {"name": "language", "value": "cpython3"}, {"name": "package", "value": "test_case"}]}