{"name": "test_login[success]", "status": "failed", "statusDetails": {"message": "Failed: Test case success failed with exception: Expected 'token' in response, got (<Response [200]>, 'eyJhbGciOiJIUzI1NiIsInR5cCI6IkpXVCJ9.eyJpc3MiOiJFZHJhd1NvZnQiLCJzdWIiOiJ7XCJjb3JwVXNlcklkXCI6XCJcIixcIm9wZW5JZFwiOlwiXCIsXCJjb3JwSWRcIjpcIlwiLFwidW5pb25fa2V5XCI6XCJcIixcInBsYXRmb3JtXCI6XCJ3ZWJcIn0iLCJleHAiOjE3NDA3MzU5NzgsImlhdCI6MTczODE0MzkxOCwiYXVkIjoiMjM5Mjg1MTYiLCJzcmMiOiJwYXNzd29yZCJ9.UNoCDzPs2Vd694d_VrBAn_ptlqOdRW_gbH_0Dnsh2yY')\nassert 'user_name' in <Response [200]>", "trace": "test_case = {'email': '2695418206@qq.com', 'name': 'success', 'password': 'f2d8ddfc169a0ee6f8b0ecd924b1d300'}\n\n    @pytest.mark.parametrize('test_case', test_data,\n                             ids=[case[\"name\"] for case in test_data])\n    def test_login(test_case):\n        logger.info(f\"Starting test case: {test_case['name']}\")\n        try:\n            response = login(test_case[\"email\"], test_case[\"password\"])\n            pprint(response)\n            # logger.info(f\"Login response: {response}\")\n    \n            if test_case[\"name\"] == 'success':\n>               assert \"user_name\" in response[0], f\"Expected 'token' in response, got {response}\"\nE               AssertionError: Expected 'token' in response, got (<Response [200]>, 'eyJhbGciOiJIUzI1NiIsInR5cCI6IkpXVCJ9.eyJpc3MiOiJFZHJhd1NvZnQiLCJzdWIiOiJ7XCJjb3JwVXNlcklkXCI6XCJcIixcIm9wZW5JZFwiOlwiXCIsXCJjb3JwSWRcIjpcIlwiLFwidW5pb25fa2V5XCI6XCJcIixcInBsYXRmb3JtXCI6XCJ3ZWJcIn0iLCJleHAiOjE3NDA3MzU5NzgsImlhdCI6MTczODE0MzkxOCwiYXVkIjoiMjM5Mjg1MTYiLCJzcmMiOiJwYXNzd29yZCJ9.UNoCDzPs2Vd694d_VrBAn_ptlqOdRW_gbH_0Dnsh2yY')\nE               assert 'user_name' in <Response [200]>\n\ntestcases\\test_login.py:28: AssertionError\n\nDuring handling of the above exception, another exception occurred:\n\ntest_case = {'email': '2695418206@qq.com', 'name': 'success', 'password': 'f2d8ddfc169a0ee6f8b0ecd924b1d300'}\n\n    @pytest.mark.parametrize('test_case', test_data,\n                             ids=[case[\"name\"] for case in test_data])\n    def test_login(test_case):\n        logger.info(f\"Starting test case: {test_case['name']}\")\n        try:\n            response = login(test_case[\"email\"], test_case[\"password\"])\n            pprint(response)\n            # logger.info(f\"Login response: {response}\")\n    \n            if test_case[\"name\"] == 'success':\n                assert \"user_name\" in response[0], f\"Expected 'token' in response, got {response}\"\n            elif test_case[\"name\"] == 'false':\n                assert \"user_name\" not in response[0], f\"Unexpected 'token' in response, got {response}\"\n            else:\n                pytest.fail(f\"Invalid test case name: {test_case['name']}\")\n        except Exception as e:\n            logger.error(f\"Test case {test_case['name']} failed with exception: {e}\")\n>           pytest.fail(f\"Test case {test_case['name']} failed with exception: {e}\")\nE           Failed: Test case success failed with exception: Expected 'token' in response, got (<Response [200]>, 'eyJhbGciOiJIUzI1NiIsInR5cCI6IkpXVCJ9.eyJpc3MiOiJFZHJhd1NvZnQiLCJzdWIiOiJ7XCJjb3JwVXNlcklkXCI6XCJcIixcIm9wZW5JZFwiOlwiXCIsXCJjb3JwSWRcIjpcIlwiLFwidW5pb25fa2V5XCI6XCJcIixcInBsYXRmb3JtXCI6XCJ3ZWJcIn0iLCJleHAiOjE3NDA3MzU5NzgsImlhdCI6MTczODE0MzkxOCwiYXVkIjoiMjM5Mjg1MTYiLCJzcmMiOiJwYXNzd29yZCJ9.UNoCDzPs2Vd694d_VrBAn_ptlqOdRW_gbH_0Dnsh2yY')\nE           assert 'user_name' in <Response [200]>\n\ntestcases\\test_login.py:35: Failed"}, "attachments": [{"name": "log", "source": "b999ed26-cd55-4002-893a-d3550e377444-attachment.txt", "type": "text/plain"}], "parameters": [{"name": "test_case", "value": "{'name': 'success', 'email': '2695418206@qq.com', 'password': 'f2d8ddfc169a0ee6f8b0ecd924b1d300'}"}], "start": 1738143970481, "stop": 1738143978002, "uuid": "37e3375a-36e8-4713-8d48-0af5aaecf445", "historyId": "47ea955b16ddb6da46b058a3a853092f", "testCaseId": "69c09a16f23890ca557733ad87499d37", "fullName": "testcases.test_login#test_login", "labels": [{"name": "parentSuite", "value": "testcases"}, {"name": "suite", "value": "test_login"}, {"name": "host", "value": "WIN-ENQ01VG5K2P"}, {"name": "thread", "value": "8248-MainThread"}, {"name": "framework", "value": "pytest"}, {"name": "language", "value": "cpython3"}, {"name": "package", "value": "testcases.test_login"}]}